[2016/4/10 - 13:51:51] << Ryan da dat mot hop dong Edwards S Buzikk gia $100000 , Chi tiet: bom >>
[2016/4/10 - 22:24:33] << Jav Trung da dat mot hop dong Army Kun gia $1000000 , Chi tiet: giet >>
[2016/4/10 - 22:24:40] << Jav Trung da dat mot hop dong Kevin Tien gia $1000000 , Chi tiet: giet >>
[2016/4/10 - 22:25:06] << Jav Trung da dat mot hop dong Mark Roys gia $1000000 , Chi tiet: giet >>
[2016/4/10 - 22:25:12] << Jav Trung da dat mot hop dong Army Rain gia $1000000 , Chi tiet: giet >>
[2016/4/11 - 11:38:18] << Jav Trung da dat mot hop dong Army Moon gia $1000000 , Chi tiet: giet >>
[2016/4/11 - 11:38:23] << Jav Trung da dat mot hop dong Natsu Aztecas gia $1000000 , Chi tiet: giet >>
[2016/4/11 - 11:38:35] << Jav Trung da dat mot hop dong Micky Holdny gia $1000000 , Chi tiet: giet >>
[2016/4/11 - 11:39:09] << Jav Trung da dat mot hop dong Rio gia $1000000 , Chi tiet: gie >>
[2016/4/11 - 11:39:14] << Jav Trung da dat mot hop dong Dao Tran gia $1000000 , Chi tiet: gie >>
[2016/4/11 - 11:39:21] << Jav Trung da dat mot hop dong Cong Vo gia $1000000 , Chi tiet: gie >>
[2016/4/11 - 11:39:47] << Jav Trung da dat mot hop dong Ryan gia $1000000 , Chi tiet: gie >>
[2016/4/11 - 19:12:38] << Jav Trung da dat mot hop dong Army Kun gia $1000000 , Chi tiet: giet >>
[2016/4/11 - 19:12:46] << Jav Trung da dat mot hop dong Kevin Tien gia $1000000 , Chi tiet: giet >>
[2016/4/11 - 19:12:58] << Jav Trung da dat mot hop dong MonKey.S Buzikk gia $1000000 , Chi tiet: giet >>
[2016/4/11 - 19:13:25] << Jav Trung da dat mot hop dong Quiz S Buzikk gia $1000000 , Chi tiet: giet >>
[2016/4/11 - 19:13:44] << Jav Trung da dat mot hop dong Agent Perry gia $1000000 , Chi tiet: giet >>
[2016/4/11 - 19:13:53] << Jav Trung da dat mot hop dong Best Skill gia $1000000 , Chi tiet: giet >>
[2016/4/11 - 19:14:10] << Jav Trung da dat mot hop dong Andy Ted gia $1000000 , Chi tiet: giet >>
[2016/4/11 - 19:14:15] << Jav Trung da dat mot hop dong Army Hanh gia $1000000 , Chi tiet: giet >>
[2016/4/11 - 19:14:21] << Jav Trung da dat mot hop dong Army Ran gia $1000000 , Chi tiet: giet >>
[2016/4/11 - 19:14:23] << Jav Trung da dat mot hop dong Army Max gia $1000000 , Chi tiet: giet >>
[2016/4/11 - 19:14:34] << Jav Trung da dat mot hop dong Cong Vo gia $1000000 , Chi tiet: giet >>
[2016/4/11 - 19:14:42] << Jav Trung da dat mot hop dong Army Rain gia $1000000 , Chi tiet: giet >>
[2016/4/11 - 19:14:44] << Jav Trung da dat mot hop dong Erwin gia $1000000 , Chi tiet: giet >>
[2016/4/11 - 19:14:57] << Jav Trung da dat mot hop dong Frozen Hau gia $1000000 , Chi tiet: giet >>
[2016/4/11 - 19:15:07] << Jav Trung da dat mot hop dong Jimmy S Buzikk gia $1000000 , Chi tiet: giet >>
[2016/4/11 - 19:15:10] << Jav Trung da dat mot hop dong Yakuza Nam gia $1000000 , Chi tiet: giet >>
[2016/4/11 - 21:49:20] << Jav Trung da dat mot hop dong Vicmax nghia gia $1000000 , Chi tiet: giet >>
[2016/4/11 - 21:49:29] << Jav Trung da dat mot hop dong Best Skill gia $1000000 , Chi tiet: giet >>
[2016/4/11 - 21:49:45] << Jav Trung da dat mot hop dong Quiz S Buzikk gia $1000000 , Chi tiet: giet >>
[2016/4/11 - 21:49:57] << Jav Trung da dat mot hop dong Jeremy Army gia $1000000 , Chi tiet: giet >>
[2016/4/11 - 21:50:13] << Jav Trung da dat mot hop dong Agent Perry gia $1000000 , Chi tiet: giet >>
[2016/4/11 - 21:50:24] << Jav Trung da dat mot hop dong Army Ryn gia $1000000 , Chi tiet: giet >>
[2016/4/11 - 21:50:30] << Jav Trung da dat mot hop dong Army Max gia $1000000 , Chi tiet: giet >>
[2016/4/11 - 21:50:33] << Jav Trung da dat mot hop dong Dao Tran gia $1000000 , Chi tiet: giet >>
[2016/4/11 - 21:50:39] << Jav Trung da dat mot hop dong Army Kun gia $1000000 , Chi tiet: giet >>
[2016/4/11 - 21:50:45] << Jav Trung da dat mot hop dong Army Rain gia $1000000 , Chi tiet: giet >>
[2016/4/11 - 21:50:47] << Jav Trung da dat mot hop dong Army Moon gia $1000000 , Chi tiet: giet >>
[2016/4/12 - 8:15:59] << Army Moon da dat mot hop dong Natsu Aztecas gia $50000 , Chi tiet: tao deo thik no >>
[2016/4/12 - 8:36:40] << Army Thu Hanh da dat mot hop dong Rio gia $50000 , Chi tiet: KOS >>
[2016/4/12 - 9:36:28] << Natsu Aztecas da dat mot hop dong Rio gia $500000 , Chi tiet: giet chit cha no' >>
[2016/4/12 - 9:37:25] << Natsu Aztecas da dat mot hop dong Smith CoDoc gia $500000 , Chi tiet: giet me no' >>
[2016/4/12 - 9:37:30] << Natsu Aztecas da dat mot hop dong Tuan Smith gia $500000 , Chi tiet: giet me no' >>
[2016/4/12 - 12:59:50] << Rio da dat mot hop dong Forever Toppi gia $100000 , Chi tiet: cho no an cuc di now >>
[2016/4/13 - 9:29:19] << Natsu Aztecas da dat mot hop dong Jeremy Army gia $400000 , Chi tiet: giet >>
[2016/4/14 - 8:56:53] << Nguyen Linh da dat mot hop dong Army Thu Hanh gia $100000 , Chi tiet: giet >>
[2016/4/14 - 8:57:13] << Nguyen Linh da dat mot hop dong Army Ryn gia $100000 , Chi tiet: giet >>
[2016/4/14 - 8:57:28] << Nguyen Linh da dat mot hop dong Rio gia $100000 , Chi tiet: giet >>
[2016/4/14 - 8:57:54] << Nguyen Linh da dat mot hop dong Kevin Tien gia $100000 , Chi tiet: giet >>
[2016/4/14 - 8:58:00] << Nguyen Linh da dat mot hop dong Chunq Le gia $100000 , Chi tiet: giet >>
[2016/4/14 - 8:58:13] << Nguyen Linh da dat mot hop dong MonKey S Buzikk gia $100000 , Chi tiet: giet >>
[2016/4/14 - 8:58:15] << Nguyen Linh da dat mot hop dong Best Skill gia $100000 , Chi tiet: giet >>
[2016/4/14 - 8:58:19] << Nguyen Linh da dat mot hop dong Army Thu Hanh gia $100000 , Chi tiet: giet >>
[2016/4/14 - 8:58:25] << Nguyen Linh da dat mot hop dong Trong Smith gia $100000 , Chi tiet: giet >>
[2016/4/14 - 10:00:54] << NguyenVan Sang da dat mot hop dong Kevin Tien gia $100000 , Chi tiet: quat >>
[2016/4/14 - 10:01:10] << NguyenVan Sang da dat mot hop dong Kevin Tien gia $100000 , Chi tiet: quat >>
[2016/4/14 - 10:01:22] << NguyenVan Sang da dat mot hop dong Tuan gia $100000 , Chi tiet: quat >>
[2016/4/14 - 18:30:28] << Brandon Steven da dat mot hop dong Quoc Tyyy gia $200000 , Chi tiet: giet >>
[2016/4/14 - 18:30:38] << Army Thu Hanh da dat mot hop dong God gia $100000 , Chi tiet: KOS >>
[2016/4/14 - 18:30:41] << Chi Chuot da dat mot hop dong Gia Hao gia $50000 , Chi tiet: diet tui >>
[2016/4/15 - 9:24:51] << Best Skill da dat mot hop dong Natsu Aztecas gia $50000 , Chi tiet: Chay xe k an toan >>
[2016/4/15 - 12:37:05] << Anh Nghia da dat mot hop dong Club Stone gia $50000 , Chi tiet: d >>
[2016/4/15 - 12:42:55] << Army Thu hanh da dat mot hop dong Tai Danny gia $50000 , Chi tiet: DM >>
[2016/4/15 - 17:58:54] << Nguyen.HD Pinz da dat mot hop dong Son s Buzikk gia $100000 , Chi tiet: giet no >>
[2016/4/15 - 18:01:04] << Nguyen.HD Pinz da dat mot hop dong Ong Trum gia $100000 , Chi tiet: giét chét cm nó den heo >>
[2016/4/15 - 18:46:24] << Swag Kevin da dat mot hop dong John xSat gia $100000 , Chi tiet: giet >>
[2016/4/15 - 18:52:30] << Swag Kevin da dat mot hop dong Thien Khanh gia $100000 , Chi tiet: giet >>
[2016/4/15 - 18:53:00] << Zeats da dat mot hop dong Ryan gia $50000 , Chi tiet: Boss >>
[2016/4/15 - 18:54:10] << Kin Aremas da dat mot hop dong Vladimir Smith gia $50000 , Chi tiet: 1 >>
[2016/4/15 - 19:27:13] << Virgo lamer da dat mot hop dong Army Hieuu gia $500000 , Chi tiet: thic >>
[2016/4/15 - 19:36:31] << Dang Ngoc Son da dat mot hop dong MonKeyD S Buzikk gia $100000 , Chi tiet: 1 >>
[2016/4/15 - 19:50:45] << MonKeyD S Buzikk da dat mot hop dong Jav Trung gia $100000 , Chi tiet: Toi Ghet >>
[2016/4/15 - 20:20:07] << MonKeyD S Buzikk da dat mot hop dong Army Max gia $200000 , Chi tiet: Ghet' >>
[2016/4/15 - 20:30:41] << MonKeyD S Buzikk da dat mot hop dong Gia Hao gia $100000 , Chi tiet: . >>
[2016/4/16 - 10:49:56] << Phuoc S Buzikk da dat mot hop dong ken s Buzikk gia $50000 , Chi tiet: giet >>
[2016/4/16 - 10:50:02] << Trung Bejamin da dat mot hop dong Jerry Maidns gia $200000 , Chi tiet: War Tôi Tôi War Lai ? >>
[2016/4/16 - 11:02:16] << Shadow Smth da dat mot hop dong Thien Khanh gia $100000 , Chi tiet: Thích >>
[2016/4/16 - 11:05:08] << Darks Night da dat mot hop dong Blue Ken Geramay gia $50000 , Chi tiet: Giet nguoi >>
[2016/4/16 - 11:12:37] << Brandon Stack da dat mot hop dong Darks Night gia $200000 , Chi tiet: 1 >>
[2016/4/16 - 12:23:55] << Nguyen.HD Pinz da dat mot hop dong Huyy Touliver gia $500000 , Chi tiet: giét no >>
[2016/4/16 - 12:27:09] << Nguyen.HD Pinz da dat mot hop dong Huyy Touliver gia $100000 , Chi tiet: giet nó >>
[2016/4/16 - 12:27:11] << Nguyen.HD Pinz da dat mot hop dong Huyy Touliver gia $100000 , Chi tiet: giet nó >>
[2016/4/16 - 12:30:45] << Nguyen.HD Pinz da dat mot hop dong Vladimir Sky gia $100000 , Chi tiet: cc >>
[2016/4/16 - 12:31:00] << Adam rock da dat mot hop dong Huyy Touliver gia $200000 , Chi tiet: Giet >>
[2016/4/16 - 12:35:36] << Pinz Assassin da dat mot hop dong Huyy Touliver gia $100000 , Chi tiet: giét cm nó >>
[2016/4/16 - 12:35:36] << Pinz Assassin da dat mot hop dong Huyy Touliver gia $100000 , Chi tiet: giét cm nó >>
[2016/4/16 - 12:41:27] << Vladimir Sky da dat mot hop dong Rio SoiCa gia $1000000 , Chi tiet: Giet chet me no cho anh >>
[2016/4/16 - 12:52:37] << Pinz Assassin da dat mot hop dong Yakuza Nam gia $100000 , Chi tiet: giet no >>
[2016/4/16 - 12:52:37] << Pinz Assassin da dat mot hop dong Yakuza Nam gia $100000 , Chi tiet: giet no >>
[2016/4/16 - 12:56:02] << Pinz Assassin da dat mot hop dong Nguyen Thi Thu Hanh gia $100000 , Chi tiet: giet no >>
[2016/4/16 - 12:56:54] << Pinz Assassin da dat mot hop dong Tuan Smith gia $100000 , Chi tiet: giet no >>
[2016/4/16 - 13:01:27] << Nguyen Thi Thu Hanh da dat mot hop dong James smith gia $200000 , Chi tiet: DM >>
[2016/4/16 - 13:12:28] << James smith da dat mot hop dong Nguyen Thi Thu Hanh gia $100000 , Chi tiet: giet >>
[2016/4/16 - 13:12:45] << Ratt Baby da dat mot hop dong Nguyen Thi Thu Hanh gia $100000 , Chi tiet: giet >>
[2016/4/16 - 13:12:56] << Leg Nguyen da dat mot hop dong Thien Khanh gia $500000 , Chi tiet: giet >>
[2016/4/16 - 13:13:08] << Leg Nguyen da dat mot hop dong Army Rain gia $100000 , Chi tiet: giet >>
[2016/4/16 - 13:13:18] << Leg Nguyen da dat mot hop dong Army Rain gia $100000 , Chi tiet: giet >>
[2016/4/16 - 13:30:17] << Pinz Assassin da dat mot hop dong Trung Bejamin gia $100000 , Chi tiet: giét nó >>
[2016/4/16 - 14:09:22] << Roger da dat mot hop dong Trung Bejamin gia $1000000 , Chi tiet: Test Hitman >>
[2016/4/16 - 16:46:58] << Alexander Chivas da dat mot hop dong Le VanToan gia $100000 , Chi tiet: 100000 >>
[2016/4/16 - 16:47:07] << Alexander Kyle da dat mot hop dong Rio SoiCa gia $100000 , Chi tiet: giet =]]z >>
[2016/4/16 - 16:47:33] << Army Rain da dat mot hop dong TiVii GamBit gia $1000000 , Chi tiet: no kos >>
[2016/4/16 - 16:47:48] << Yakuza Nam da dat mot hop dong Army Rain gia $100000 , Chi tiet: giet... >>
[2016/4/16 - 16:49:04] << Alexander Chivas da dat mot hop dong Johnson Grover gia $100000 , Chi tiet: lam an  >>
[2016/4/16 - 16:56:10] << Zolipe Alvarrez da dat mot hop dong Micky Holdny gia $50000 , Chi tiet: Lam dung >>
[2016/4/16 - 16:56:35] << Gia Bao da dat mot hop dong Hung Garrix gia $50000 , Chi tiet: Chém >>
[2016/4/16 - 16:56:56] << Agent Perry da dat mot hop dong Micky Holdny gia $100000 , Chi tiet: giet thang cho >>
[2016/4/16 - 17:19:02] << Army Rain da dat mot hop dong Barrack Obama gia $1000000 , Chi tiet: ghét thg dó >>
[2016/4/16 - 18:24:23] << Nguyen Thi Thu Hanh da dat mot hop dong South Mouter gia $500000 , Chi tiet: Ghet Ai Hitman >>
[2016/4/16 - 18:26:19] << Nguyen Thi Thu Hanh da dat mot hop dong South Mouter gia $200000 , Chi tiet: Ghet May rui do >>
[2016/4/16 - 23:18:24] << Darks Night da dat mot hop dong Rio Soica gia $100000 , Chi tiet: Chich Gai xong bo chay >>
[2016/4/16 - 23:19:43] << beo hardy da dat mot hop dong Gau Xcution gia $50000 , Chi tiet: giet >>
[2016/4/16 - 23:22:11] << beo hardy da dat mot hop dong Gau Xcution gia $50000 , Chi tiet: giet >>
[2016/4/17 - 9:13:10] << Monster Giang da dat mot hop dong Bao Bejamin gia $50000 , Chi tiet: Giet >>
[2016/4/17 - 9:14:46] << LeG Nguyen da dat mot hop dong Yakuza Thinh gia $100000 , Chi tiet: giet no >>
[2016/4/17 - 9:14:57] << Kyle Nguyen da dat mot hop dong Paul gia $100000 , Chi tiet: giet =]]z >>
[2016/4/17 - 9:15:31] << Best Skill da dat mot hop dong Natsu Aztecas gia $50000 , Chi tiet: ghet >>
[2016/4/17 - 9:18:34] << Van kiet da dat mot hop dong Gia Hao gia $1000000 , Chi tiet: . >>
[2016/4/17 - 9:29:43] << Cong Vinh Rau da dat mot hop dong South Mouter gia $100000 , Chi tiet: Giêt >>
[2016/4/17 - 9:39:12] << Cong Vinh Rau da dat mot hop dong South Mouter gia $100000 , Chi tiet: Gietêt >>
[2016/4/17 - 9:43:25] << Cong Vinh Rau da dat mot hop dong South Mouter gia $100000 , Chi tiet: Giêt >>
[2016/4/17 - 11:25:25] << Matthew Award da dat mot hop dong Ney Gambit gia $50000 , Chi tiet: gietttttttttttt >>
[2016/4/17 - 11:25:59] << Matthew Award da dat mot hop dong TiVii GamBit gia $50000 , Chi tiet: Chém >>
[2016/4/17 - 11:52:17] << Dussting Feeg da dat mot hop dong army max gia $50000 , Chi tiet: 1 >>
[2016/4/17 - 11:52:30] << Darlen Edwards da dat mot hop dong Huyy Touliver gia $100000 , Chi tiet: khong thich >>
[2016/4/17 - 11:52:48] << Dussting Feeg da dat mot hop dong LTT Dung gia $100000 , Chi tiet: 1 >>
[2016/4/17 - 11:53:43] << Song Joong Ki da dat mot hop dong Hoai DaiCa gia $100000 , Chi tiet: Ngu nguoi  >>
[2016/4/17 - 12:24:03] << Alexander Peter da dat mot hop dong John Kaito gia $100000 , Chi tiet: tre trau >>
[2016/4/17 - 12:35:31] << Red Vagos da dat mot hop dong Timofei Bashkirov gia $50000 , Chi tiet: Giet >>
[2016/4/17 - 16:48:58] << Paul da dat mot hop dong Ken Ander gia $1000000 , Chi tiet: giet >>
[2016/4/17 - 16:49:48] << Paul da dat mot hop dong Matthew Award gia $1000000 , Chi tiet: giet >>
[2016/4/17 - 16:52:30] << Paul da dat mot hop dong Army ryn gia $1000000 , Chi tiet: giet >>
[2016/4/17 - 16:52:43] << Paul da dat mot hop dong Huyy Touliver gia $1000000 , Chi tiet: giet >>
[2016/4/17 - 16:52:50] << Paul da dat mot hop dong Nguyen Ngoc Tram gia $1000000 , Chi tiet: giet >>
[2016/4/17 - 16:53:32] << Darks Night da dat mot hop dong Nobita Nam gia $50000 , Chi tiet: Lam dung >>
[2016/4/17 - 16:53:36] << Thanh Bua da dat mot hop dong Army Max gia $50000 , Chi tiet: No giet ban tui >>
[2016/4/17 - 16:53:42] << Chi Chuot da dat mot hop dong Gia Hao gia $50000 , Chi tiet: kick faction,lam dung faction v >>
[2016/4/17 - 16:55:14] << Paul da dat mot hop dong Chopin Finly gia $1000000 , Chi tiet: Giet >>
[2016/4/17 - 16:55:21] << Paul da dat mot hop dong Jerry Maidns gia $1000000 , Chi tiet: Giet >>
[2016/4/17 - 16:55:25] << Paul da dat mot hop dong Thomas.Edison Edwars gia $1000000 , Chi tiet: Giet >>
[2016/4/17 - 16:56:16] << Paul da dat mot hop dong tron smoke gia $1000000 , Chi tiet: giet no >>
[2016/4/17 - 16:56:44] << Paul da dat mot hop dong Song Joong Ki gia $1000000 , Chi tiet: giet >>
[2016/4/17 - 19:02:39] << Dean Amborse da dat mot hop dong Harold Shipman gia $100000 , Chi tiet: Giet >>
[2016/4/17 - 19:02:57] << Newile Mouter da dat mot hop dong Army Moon gia $100000 , Chi tiet: giet >>
[2016/4/17 - 19:03:47] << Newile Mouter da dat mot hop dong Donimic Andrew gia $500000 , Chi tiet: giet >>
[2016/4/17 - 19:20:35] << Newile Mouter da dat mot hop dong Tran Vy gia $500000 , Chi tiet: Giet >>
[2016/4/17 - 19:20:48] << Newile Mouter da dat mot hop dong Rain Anders gia $500000 , Chi tiet: Giet >>
[2016/4/17 - 19:20:59] << Newile Mouter da dat mot hop dong Army Rain gia $500000 , Chi tiet: Giet >>
[2016/4/17 - 19:21:17] << Newile Mouter da dat mot hop dong Kelvin tien gia $500000 , Chi tiet: Giet >>
[2016/4/17 - 19:27:14] << Nguyen Huu Duc da dat mot hop dong Newile Mouter gia $100000 , Chi tiet: Giêt >>
[2016/4/17 - 20:00:59] << Nguyen Huu Duc da dat mot hop dong Wrath Rain gia $500000 , Chi tiet: Giêt >>
[2016/4/18 - 11:29:48] << Paul da dat mot hop dong KuTo KenDy gia $1000000 , Chi tiet: Giet >>
[2016/4/18 - 11:29:55] << Paul da dat mot hop dong Nick Cover gia $1000000 , Chi tiet: Giet >>
[2016/4/18 - 11:30:57] << Paul da dat mot hop dong Geek Slamder gia $1000000 , Chi tiet: Giet >>
[2016/4/18 - 11:31:09] << Paul da dat mot hop dong Jerry Maidns gia $1000000 , Chi tiet: Giet >>
[2016/4/18 - 12:24:59] << Nhok Duy da dat mot hop dong MonKeyD S Buzikk gia $500000 , Chi tiet: Giet >>
[2016/4/18 - 15:34:55] << Matthew Award da dat mot hop dong Nguyen Net gia $100000 , Chi tiet: Giet >>
[2016/4/18 - 15:35:08] << Matthew Award da dat mot hop dong Hades Chivas gia $100000 , Chi tiet: Giett >>
[2016/4/18 - 15:35:23] << Matthew Award da dat mot hop dong Jav Trung gia $100000 , Chi tiet: Giet >>
[2016/4/18 - 15:35:27] << Matthew Award da dat mot hop dong Park Man gia $100000 , Chi tiet: Giet >>
[2016/4/18 - 15:35:30] << Matthew Award da dat mot hop dong Hades Chivas gia $100000 , Chi tiet: Giet >>
[2016/4/18 - 15:35:47] << Matthew Award da dat mot hop dong Park Man gia $50000 , Chi tiet: Giet >>
[2016/4/18 - 19:32:54] << Park Man da dat mot hop dong Pakuza Wazaki gia $100000 , Chi tiet: Giet >>
[2016/4/18 - 19:32:56] << Park Man da dat mot hop dong Max Speed gia $100000 , Chi tiet: Giet >>
[2016/4/18 - 19:33:01] << Park Man da dat mot hop dong Smith S Buzikk gia $100000 , Chi tiet: Giet >>
[2016/4/18 - 19:33:03] << Park Man da dat mot hop dong Nguyen.Quang Trung gia $100000 , Chi tiet: Giet >>
[2016/4/18 - 19:43:18] << Park Man da dat mot hop dong Blue Ken Gambit gia $100000 , Chi tiet: giet >>
[2016/4/18 - 19:44:07] << Park Man da dat mot hop dong Smith S Buzikk gia $1000000 , Chi tiet: GIet >>
[2016/4/18 - 20:15:14] << Park Man da dat mot hop dong Vladimir Sky gia $1000000 , Chi tiet: giet >>
[2016/4/18 - 20:17:24] << Park Man da dat mot hop dong Alexander Pey gia $100000 , Chi tiet: giet >>
[2016/4/18 - 21:09:30] << Mark Roys da dat mot hop dong Valerie Andrea gia $50000 , Chi tiet: Ghet >>
[2016/4/18 - 21:19:14] << Thien Khanh da dat mot hop dong Paul gia $100000 , Chi tiet: tra thu gium toi >>
[2016/4/18 - 21:23:33] << Thien Khanh da dat mot hop dong Ty Bejamin gia $50000 , Chi tiet: tra thu gium >>
[2016/4/18 - 21:30:08] << Newile Mouter da dat mot hop dong Darks Night gia $50000 , Chi tiet: giet >>
[2016/4/18 - 21:30:21] << Newile Mouter da dat mot hop dong Ercy Phantom gia $50000 , Chi tiet: giet >>
[2016/4/18 - 21:30:40] << Newile Mouter da dat mot hop dong TN Hoang gia $100000 , Chi tiet: giet >>
[2016/4/18 - 21:30:43] << Newile Mouter da dat mot hop dong One Staff gia $100000 , Chi tiet: giet >>
[2016/4/18 - 21:31:08] << Newile Mouter da dat mot hop dong Frozen Kenz gia $100000 , Chi tiet: giet >>
[2016/4/18 - 21:31:15] << Newile Mouter da dat mot hop dong Bucky Barnes gia $100000 , Chi tiet: giet >>
[2016/4/18 - 21:31:22] << Newile Mouter da dat mot hop dong ACE thuan gia $50000 , Chi tiet: giet >>
[2016/4/18 - 21:31:27] << Newile Mouter da dat mot hop dong Mark Roys gia $50000 , Chi tiet: giet >>
[2016/4/18 - 21:31:37] << Newile Mouter da dat mot hop dong Best Skill gia $50000 , Chi tiet: giet >>
[2016/4/18 - 21:31:45] << Newile Mouter da dat mot hop dong Tran Vy gia $50000 , Chi tiet: giet >>
[2016/4/18 - 21:31:46] << Thien Khanh da dat mot hop dong Ty Bejamin gia $50000 , Chi tiet: tra thu gium >>
[2016/4/18 - 21:31:48] << Newile Mouter da dat mot hop dong Ngo Duy Quan gia $50000 , Chi tiet: giet >>
[2016/4/18 - 21:31:57] << Newile Mouter da dat mot hop dong Smith S Buzikk gia $50000 , Chi tiet: giet >>
[2016/4/18 - 21:32:00] << Newile Mouter da dat mot hop dong Van kiet gia $50000 , Chi tiet: giet >>
[2016/4/18 - 21:35:34] << Thien Khanh da dat mot hop dong Ty Bejamin gia $50009 , Chi tiet: tra thu gium toi >>
[2016/4/18 - 21:36:23] << Bucky Barnes da dat mot hop dong Dao Tran gia $100000 , Chi tiet: nó thông ass tôi >>
[2016/4/18 - 21:55:51] << Darks Night da dat mot hop dong Best Skill gia $50000 , Chi tiet: Giet nguoi >>
[2016/4/19 - 8:51:33] << Nam S Dark da dat mot hop dong Pen  gia $100000 , Chi tiet: no kos toi >>
[2016/4/19 - 8:51:46] << Van kiet da dat mot hop dong Mark Danie gia $1000000 , Chi tiet: lao >>
[2016/4/19 - 11:48:35] << Eazy ThugS da dat mot hop dong Blue Ken Gambit gia $100000 , Chi tiet: Giet >>
[2016/4/19 - 11:51:28] << Jokers Jackson da dat mot hop dong Mafia Danh gia $100000 , Chi tiet: thich >>
[2016/4/19 - 11:51:46] << G Dragon da dat mot hop dong Jaki Natsumii gia $100000 , Chi tiet: giet no >>
[2016/4/19 - 11:51:48] << G Dragon da dat mot hop dong Jaki Natsumii gia $100000 , Chi tiet: giet no >>
[2016/4/19 - 11:51:49] << G Dragon da dat mot hop dong Jaki Natsumii gia $100000 , Chi tiet: giet no >>
[2016/4/19 - 11:53:07] << Mafia Danh da dat mot hop dong Jokers Jackson gia $100000 , Chi tiet: hop dong tao ha may >>
[2016/4/19 - 11:54:10] << Kyle Nguyen da dat mot hop dong Leonard Keary gia $50000 , Chi tiet: giet >>
[2016/4/19 - 11:54:57] << Mafia Danh da dat mot hop dong Jokers Jackson gia $300000 , Chi tiet: cho cai toi hopdong dat boom no >>
[2016/4/19 - 11:55:28] << Jaki Natsumii da dat mot hop dong G Dragon gia $500000 , Chi tiet: giet chet me no di >>
[2016/4/19 - 11:57:04] << G Dragon da dat mot hop dong Mafia Danh gia $50000 , Chi tiet: giet >>
[2016/4/19 - 11:57:32] << G Dragon da dat mot hop dong Jaki Natsumii gia $50000 , Chi tiet: giet >>
[2016/4/19 - 11:57:33] << G Dragon da dat mot hop dong Jaki Natsumii gia $50000 , Chi tiet: giet >>
[2016/4/19 - 11:57:39] << G Dragon da dat mot hop dong Jaki Natsumii gia $50000 , Chi tiet: giet >>
[2016/4/19 - 12:30:42] << Jokers Jackson da dat mot hop dong Toppi gia $100000 , Chi tiet: Giet chem chet  >>
[2016/4/19 - 15:14:12] << Nathan Saborio da dat mot hop dong Best Skill gia $1000000 , Chi tiet: giet no >>
[2016/4/19 - 15:39:23] << Paul da dat mot hop dong William Anderson gia $50000 , Chi tiet: Giet >>
[2016/4/19 - 15:52:19] << Nick Edwards da dat mot hop dong Alexander Gregory gia $50000 , Chi tiet: Giet >>
[2016/4/19 - 15:52:28] << New Stars da dat mot hop dong Alexander Gregory gia $50000 , Chi tiet: Giet Ho Em De >>
[2016/4/19 - 15:52:42] << Nam Bejamin da dat mot hop dong New Stars gia $200000 , Chi tiet: giet chet me no di >>
[2016/4/19 - 15:52:46] << Show Small da dat mot hop dong Army Rain gia $200000 , Chi tiet: Cuop nguoi yeu Giet >>
[2016/4/19 - 15:53:48] << Alexander Chivas da dat mot hop dong New Stars gia $100000 , Chi tiet: kos >>
[2016/4/19 - 16:21:31] << Kuro Sama da dat mot hop dong Robin Nicolas gia $100000 , Chi tiet: Toi ghet no >>
[2016/4/19 - 19:11:06] << Aquarius Corleone da dat mot hop dong William Anderson gia $50000 , Chi tiet: RIP >>
[2016/4/19 - 19:20:22] << Aquarius Corleone da dat mot hop dong Mark Roys gia $50000 , Chi tiet: RIP >>
[2016/4/19 - 19:20:47] << Aquarius Corleone da dat mot hop dong John Long gia $50000 , Chi tiet: RIP >>
[2016/4/19 - 19:30:56] << Rain Hoon da dat mot hop dong PArk Man gia $200000 , Chi tiet: giet ! >>
[2016/4/19 - 19:38:20] << Mark Roys da dat mot hop dong Aquarius Corleone gia $500000 , Chi tiet: Tre trau muon giet' >>
[2016/4/19 - 21:16:46] << Jokers Jackson da dat mot hop dong DaiCa Trong gia $100000 , Chi tiet: Thich giet >>
[2016/4/19 - 21:40:33] << Nicholas James da dat mot hop dong Mich Staff gia $1000000 , Chi tiet: kill >>
[2016/4/19 - 21:58:14] << Nicholas James da dat mot hop dong Kelvin Thai gia $1000000 , Chi tiet: test hitman >>
[2016/4/19 - 22:25:21] << Kanzaki Inamoto da dat mot hop dong Ngo Duy Quan gia $1000000 , Chi tiet: giet >>
[2016/4/19 - 22:25:28] << Kanzaki Inamoto da dat mot hop dong Donimic Andrew gia $1000000 , Chi tiet: giet >>
[2016/4/19 - 22:35:53] << Alexander Miner da dat mot hop dong Charles Brian gia $1000000 , Chi tiet: nó giét tôi >>
[2016/4/20 - 7:48:12] << mark roys da dat mot hop dong Aquarius Corleone gia $50000 , Chi tiet: RIP >>
[2016/4/20 - 7:50:26] << Aquarius Corleone da dat mot hop dong Delta Smith gia $50000 , Chi tiet: RIP >>
[2016/4/20 - 9:45:12] << Army Rain da dat mot hop dong James smith gia $500000 , Chi tiet: nó quá láo >>
[2016/4/20 - 9:45:57] << Smith S buzikk da dat mot hop dong Johnson Grover gia $100000 , Chi tiet: Ke thu voi to >>
[2016/4/20 - 9:46:02] << Jackson jocker da dat mot hop dong Cristiano Ronaldo gia $100000 , Chi tiet: ko cho tao xin chu ky  >>
[2016/4/20 - 9:46:08] << TN Hoang da dat mot hop dong James smith gia $100000 , Chi tiet: giet  >>
[2016/4/20 - 9:56:28] << Army Rain da dat mot hop dong James smith gia $100000 , Chi tiet: láo quá >>
[2016/4/20 - 9:56:41] << Army Rain da dat mot hop dong James smith gia $300000 , Chi tiet: láo quá >>
[2016/4/20 - 10:30:45] << Darya Saltykova da dat mot hop dong Le VanToan gia $100000 , Chi tiet: 1 >>
[2016/4/20 - 11:06:51] << DaiCa Trong da dat mot hop dong Jokers Jackson gia $1000000 , Chi tiet: giet chet me no >>
[2016/4/20 - 11:13:30] << Jokers Jackson da dat mot hop dong TN Hoang gia $100000 , Chi tiet: thich >>
[2016/4/20 - 13:19:50] << Show Nick da dat mot hop dong David WIlliam gia $100000 , Chi tiet: kos >>
[2016/4/20 - 13:22:31] << David WIlliam da dat mot hop dong Ngo Duy Quan gia $50000 , Chi tiet: kos toi nhieu lan >>
[2016/4/20 - 13:29:04] << beo joker da dat mot hop dong Alex phamz gia $50000 , Chi tiet: giet >>
[2016/4/20 - 13:31:23] << Show Nick da dat mot hop dong Leg Nguyen gia $100000 , Chi tiet: giet >>
[2016/4/20 - 13:32:55] << Show Nick da dat mot hop dong SonG JoonG Ki gia $100000 , Chi tiet: Moi giet tao >>
[2016/4/20 - 13:35:30] << beo joker da dat mot hop dong Army Rain gia $100000 , Chi tiet: Giet' >>
[2016/4/20 - 13:45:39] << Beo da dat mot hop dong Leg Nguyen gia $100000 , Chi tiet: . >>
[2016/4/20 - 13:50:49] << Beo da dat mot hop dong Park Man gia $50000 , Chi tiet: Trau >>
[2016/4/20 - 13:52:27] << Show Nick da dat mot hop dong Mini Alon gia $100000 , Chi tiet: gie >>
[2016/4/20 - 13:59:20] << Show Nick da dat mot hop dong Army Rain gia $100000 , Chi tiet: giet >>
[2016/4/20 - 14:01:10] << Show Nick da dat mot hop dong Nguyen Net gia $100000 , Chi tiet: giet >>
[2016/4/20 - 14:15:19] << Rio da dat mot hop dong Hades Chivas gia $100000 , Chi tiet: hiep dam no >>
[2016/4/20 - 14:23:00] << Show Nick da dat mot hop dong Armin Guetta gia $100000 , Chi tiet: giet >>
[2016/4/20 - 14:38:51] << Mini Alon da dat mot hop dong Smith S Buzikk gia $50000 , Chi tiet: giet no >>
[2016/4/20 - 15:06:52] << Dean Amborse da dat mot hop dong Mark gia $100000 , Chi tiet: giet >>
[2016/4/20 - 15:09:08] << Show Nick da dat mot hop dong Armin Guetta gia $100000 , Chi tiet: giet >>
[2016/4/20 - 15:14:46] << Dean Amborse da dat mot hop dong Charlie Eleazar gia $50000 , Chi tiet: giet >>
[2016/4/20 - 15:15:31] << Dean Amborse da dat mot hop dong Grover KuTo gia $100000 , Chi tiet: giet >>
[2016/4/20 - 15:39:39] << Dean Amborse da dat mot hop dong Grover KuTo gia $100000 , Chi tiet: giet >>
[2016/4/20 - 16:03:14] << Dean Amborse da dat mot hop dong Charlie Eleazar gia $100000 , Chi tiet: giet >>
[2016/4/20 - 17:58:33] << Nguyen.Quang Trung da dat mot hop dong Christopher Dudus gia $50000 , Chi tiet: giet >>
[2016/4/20 - 17:58:43] << Nguyen.Quang Trung da dat mot hop dong Stream Bedu gia $50000 , Chi tiet: giet >>
[2016/4/20 - 17:59:27] << Nguyen.Quang Trung da dat mot hop dong Kelvin tien gia $50000 , Chi tiet: giet >>
[2016/4/20 - 18:05:56] << Show Nick da dat mot hop dong Daica Long gia $100000 , Chi tiet: giet >>
[2016/4/20 - 18:06:48] << Show Nick da dat mot hop dong Pan Gambit gia $100000 , Chi tiet: giet  >>
[2016/4/20 - 18:06:54] << Show Nick da dat mot hop dong Son s Buzikk gia $100000 , Chi tiet: giet  >>
[2016/4/20 - 18:11:22] << Show Nick da dat mot hop dong Huynh Tong Khoa gia $100000 , Chi tiet: kos >>
[2016/4/20 - 18:30:11] << Man Gambit da dat mot hop dong Blue Ken Gambit gia $50000 , Chi tiet: giet di >>
[2016/4/20 - 18:33:43] << Show Nick da dat mot hop dong Mafia Danh gia $100000 , Chi tiet: giet >>
[2016/4/20 - 18:39:43] << Show Nick da dat mot hop dong Nghia Ryder gia $100000 , Chi tiet: giet >>
[2016/4/20 - 19:23:59] << Lee Min Ho da dat mot hop dong Leg Nguyen gia $1000000 , Chi tiet: Toi Ghet Canh Sat >>
[2016/4/20 - 20:02:30] << Man GamBit da dat mot hop dong Minh Thuan gia $100000 , Chi tiet: giet >>
[2016/4/20 - 20:12:47] << Mark Roys da dat mot hop dong Aquarius Corleone gia $50000 , Chi tiet: . >>
[2016/4/20 - 20:39:21] << Man GamBit da dat mot hop dong Quoc GamBit gia $100000 , Chi tiet: giet >>
[2016/4/20 - 20:47:04] << Mark Roys da dat mot hop dong Aquarius Corleone gia $50000 , Chi tiet: . >>
[2016/4/20 - 21:00:42] << Mark da dat mot hop dong Tran Minh Hoang gia $100000 , Chi tiet: giet nó >>
[2016/4/20 - 21:02:41] << Leas SyRaSha da dat mot hop dong Mark gia $50000 , Chi tiet: Giet No dum :v >>
[2016/4/20 - 21:05:48] << Leas SyRaSha da dat mot hop dong Eren  gia $100000 , Chi tiet: giet Duoc di cho them tien >>
[2016/4/20 - 21:10:50] << Leas SyRaSha da dat mot hop dong Thanh Paul gia $100000 , Chi tiet: Hm chung anh khong lam chuyen d >>
[2016/4/20 - 21:15:39] << PhamDuy Hung da dat mot hop dong Minh Thuan gia $200000 , Chi tiet: khong ghet  >>
[2016/4/20 - 21:33:25] << Minh Thuan da dat mot hop dong Song Joong Ki gia $100000 , Chi tiet: giet dum lao qua >>
[2016/4/20 - 21:33:25] << Song Joong Ki da dat mot hop dong Minh Thuan gia $500000 , Chi tiet: Tre Trau >>
[2016/4/20 - 21:33:39] << Newile Chopins da dat mot hop dong Mark Ander gia $100000 , Chi tiet: Giet... >>
[2016/4/20 - 21:33:44] << Ron Nguyen da dat mot hop dong BeeTroll Scofied gia $50000 , Chi tiet: giet >>
[2016/4/20 - 21:34:02] << Phuc Boss da dat mot hop dong Blue Ken Geramay gia $50000 , Chi tiet: lua dao >>
[2016/4/20 - 21:36:48] << Man GamBit da dat mot hop dong Minh Thuan gia $100000 , Chi tiet: giet cho t >>
[2016/4/20 - 21:41:03] << Red Vagos da dat mot hop dong Ron Nguyen gia $100000 , Chi tiet: cc >>
[2016/4/20 - 22:02:37] << Nsut VanThai da dat mot hop dong Eren  gia $100000 , Chi tiet: Giet no deo de lai dau vet ... >>
[2016/4/20 - 22:02:50] << Eren  da dat mot hop dong Nsut VanThai gia $1000000 , Chi tiet: hihi >>
[2016/4/21 - 8:29:45] << Dieu Linh da dat mot hop dong TN Hoang gia $100000 , Chi tiet: kill em no >>
[2016/4/21 - 10:58:53] << Blue Ken Geramay da dat mot hop dong SonG JoonG Ki gia $100000 , Chi tiet: lao >>
[2016/4/21 - 11:01:40] << Eren  da dat mot hop dong Leas SyRaSha gia $1000000 , Chi tiet: 1 >>
[2016/4/21 - 11:01:56] << Minh Thuan da dat mot hop dong SonG JoonG Ki gia $500000 , Chi tiet: giet dum tao   >>
[2016/4/21 - 11:02:19] << SonG JoonG Ki da dat mot hop dong Eren  gia $500000 , Chi tiet: Tre Trau Sip Hong  >>
[2016/4/21 - 11:07:26] << Paul Edwards da dat mot hop dong Nick Cover gia $100000 , Chi tiet: giet >>
[2016/4/21 - 11:07:49] << Paul Edwards da dat mot hop dong Ana Jacobo gia $100000 , Chi tiet: toi ghet no >>
[2016/4/21 - 11:09:16] << Paul Edwards da dat mot hop dong Tuan Smith gia $100000 , Chi tiet: giet >>
[2016/4/21 - 11:20:36] << SonG JoonG Ki da dat mot hop dong Eren  gia $400000 , Chi tiet: Tre Trau Sip Hong >>
[2016/4/21 - 11:24:00] << Tuan Smith da dat mot hop dong beo joker gia $500000 , Chi tiet: giet >>
[2016/4/21 - 11:34:13] << Red Vagos da dat mot hop dong Jaki Natsumii gia $100000 , Chi tiet: cc >>
[2016/4/21 - 11:42:54] << Red Vagos da dat mot hop dong Timofei Bashkirov gia $50000 , Chi tiet: cc >>
[2016/4/21 - 12:07:31] << Timofei Bashkirov da dat mot hop dong Walking Barrio gia $50000 , Chi tiet: gjet no dum tao >>
[2016/4/21 - 13:04:21] << PArk Man da dat mot hop dong Dr Kuns gia $100000 , Chi tiet: giet >>
[2016/4/21 - 13:29:26] << David Shikamaru da dat mot hop dong Huan Smith gia $50000 , Chi tiet: giet >>
[2016/4/21 - 13:30:01] << David Shikamaru da dat mot hop dong Kaito Kids gia $50000 , Chi tiet: cat co  >>
[2016/4/21 - 14:16:03] << LaoThinh LaoThinh da dat mot hop dong One Staff gia $100000 , Chi tiet: kos >>
[2016/4/21 - 14:16:29] << LaoThinh LaoThinh da dat mot hop dong Geek Slamder gia $100000 , Chi tiet: kos >>
[2016/4/21 - 15:17:44] << LaoThinh LaoThinh da dat mot hop dong Evans  gia $100000 , Chi tiet: giet >>
[2016/4/21 - 15:17:47] << LaoThinh LaoThinh da dat mot hop dong Mio Huy gia $100000 , Chi tiet: giet >>
[2016/4/21 - 15:17:53] << LaoThinh LaoThinh da dat mot hop dong Gia Lang gia $100000 , Chi tiet: giet >>
[2016/4/21 - 15:17:56] << LaoThinh LaoThinh da dat mot hop dong One Staff gia $100000 , Chi tiet: giet >>
[2016/4/21 - 15:18:01] << LaoThinh LaoThinh da dat mot hop dong Julie Lilly gia $100000 , Chi tiet: giet >>
[2016/4/21 - 15:34:27] << LaoThinh LaoThinh da dat mot hop dong Night Hos gia $100000 , Chi tiet: giet  >>
[2016/4/21 - 15:34:29] << LaoThinh LaoThinh da dat mot hop dong ACE Ahri gia $100000 , Chi tiet: giet  >>
[2016/4/21 - 15:34:32] << LaoThinh LaoThinh da dat mot hop dong Tran Thanh Kiet gia $100000 , Chi tiet: giet  >>
[2016/4/21 - 15:34:34] << LaoThinh LaoThinh da dat mot hop dong Yakuza Binn gia $100000 , Chi tiet: giet  >>
[2016/4/21 - 15:41:10] << LaoThinh LaoThinh da dat mot hop dong Hardy Messi gia $100000 , Chi tiet: giet >>
[2016/4/21 - 15:41:12] << LaoThinh LaoThinh da dat mot hop dong Army Rain gia $100000 , Chi tiet: giet >>
[2016/4/21 - 15:41:21] << LaoThinh LaoThinh da dat mot hop dong Hieu TransFormer gia $100000 , Chi tiet: giet >>
[2016/4/21 - 15:41:23] << LaoThinh LaoThinh da dat mot hop dong Big Boss gia $100000 , Chi tiet: giet >>
[2016/4/21 - 16:58:50] << Cristiano Ronaldo da dat mot hop dong Shizuka Forever gia $1000000 , Chi tiet: kill no >>
[2016/4/21 - 17:14:07] << Cristiano Ronaldo da dat mot hop dong Chi Chuot gia $1000000 , Chi tiet: mu1c >>
[2016/4/21 - 17:29:27] << Cristiano Ronaldo da dat mot hop dong Hardy Messi gia $1000000 , Chi tiet: kill no >>
[2016/4/21 - 17:29:36] << Gia Bao da dat mot hop dong Cristiano Ronaldo gia $500000 , Chi tiet: Chém >>
[2016/4/21 - 17:29:45] << Cristiano Ronaldo da dat mot hop dong Le VanToan gia $1000000 , Chi tiet: giet anh em tao nay >>
[2016/4/21 - 17:29:56] << Kiet pham da dat mot hop dong Cristiano Ronaldo gia $100000 , Chi tiet: Chem >>
[2016/4/21 - 17:30:40] << Cristiano Ronaldo da dat mot hop dong Gia Bao gia $1000000 , Chi tiet: Phan~ tao ne >>
[2016/4/21 - 17:58:06] << LaoThinh LaoThinh da dat mot hop dong Asdin Nguyen gia $100000 , Chi tiet: giet >>
[2016/4/21 - 17:58:28] << LaoThinh LaoThinh da dat mot hop dong Kody Nash gia $100000 , Chi tiet: giet >>
[2016/4/21 - 18:00:15] << LaoThinh LaoThinh da dat mot hop dong ACE Bi gia $100000 , Chi tiet: giet >>
[2016/4/21 - 18:00:22] << LaoThinh LaoThinh da dat mot hop dong Quan Bejamin gia $100000 , Chi tiet: giet >>
[2016/4/21 - 18:58:07] << LaoThinh LaoThinh da dat mot hop dong Kuro Sama gia $100000 , Chi tiet: giet >>
[2016/4/21 - 19:01:53] << Kuro Sama da dat mot hop dong Viet Ryder gia $50000 , Chi tiet: No lao lam, giet >>
[2016/4/21 - 19:42:34] << Matthew Award da dat mot hop dong Vladimir Smith gia $100000 , Chi tiet: Giet Man~ >>
[2016/4/21 - 19:42:51] << Matthew Award da dat mot hop dong Kuro Sama gia $100000 , Chi tiet: Giet Man~ >>
[2016/4/21 - 19:48:43] << Matthew Award da dat mot hop dong Jony Pham gia $100000 , Chi tiet: giet man >>
[2016/4/21 - 21:10:11] << nick rainer da dat mot hop dong Kiet pham gia $50000 , Chi tiet: ban toi >>
[2016/4/22 - 8:32:08] << beo joker da dat mot hop dong Aquarius Corleone gia $50000 , Chi tiet: . >>
[2016/4/22 - 8:41:03] << Aquarius Corleone da dat mot hop dong ACE son gia $50000 , Chi tiet: RIP >>
[2016/4/22 - 8:59:24] << Kody Nash da dat mot hop dong Hoang Vinh gia $100000 , Chi tiet: Giet >>
[2016/4/22 - 9:03:37] << Kiet pham da dat mot hop dong Nick Yakuza gia $50000 , Chi tiet: CHem >>
[2016/4/22 - 10:08:34] << DaRiOk QUY da dat mot hop dong Vladimir Smith gia $1000000 , Chi tiet: Tra thu >>
[2016/4/22 - 10:11:37] << DaRiOk QUY da dat mot hop dong MrS NaPoLeOn gia $1000000 , Chi tiet: tra thu >>
[2016/4/22 - 10:14:57] << Miyuki lShikawa da dat mot hop dong Hoang Vinh gia $500000 , Chi tiet: Giet >>
[2016/4/22 - 10:18:01] << DaRiOk QUY da dat mot hop dong Jony Pham gia $1000000 , Chi tiet: trathu >>
[2016/4/22 - 12:20:44] << Hieu TransFormer da dat mot hop dong Swag Ryan gia $100000 , Chi tiet: giet no  >>
[2016/4/22 - 13:43:00] << Park Man da dat mot hop dong Tuan Trinh gia $100000 , Chi tiet: giet con quy ty map >>
[2016/4/22 - 13:56:09] << Zaracto Hosteran da dat mot hop dong Park Man gia $100000 , Chi tiet: kill >>
[2016/4/22 - 13:57:14] << Zaracto Hosteran da dat mot hop dong Grover Nghia gia $100000 , Chi tiet: giet >>
[2016/4/22 - 13:57:30] << Zaracto Hosteran da dat mot hop dong Vladimir Sky gia $100000 , Chi tiet: giet >>
[2016/4/22 - 13:57:37] << Zaracto Hosteran da dat mot hop dong Le VanToan gia $100000 , Chi tiet: giet >>
[2016/4/22 - 13:57:40] << Zaracto Hosteran da dat mot hop dong BlakeLeon Flaco gia $100000 , Chi tiet: giet >>
[2016/4/22 - 13:57:47] << Zaracto Hosteran da dat mot hop dong Park Man gia $100000 , Chi tiet: giet >>
[2016/4/22 - 13:57:52] << DaiCa Hoai da dat mot hop dong Hung By gia $100000 , Chi tiet: Giet no  >>
[2016/4/22 - 14:08:28] << Giang Luong da dat mot hop dong Tran Minh Hoang gia $1000000 , Chi tiet: kill >>
[2016/4/22 - 14:28:05] << Zaracto Hosteran da dat mot hop dong Jhon Smit gia $1000000 , Chi tiet: kill >>
[2016/4/22 - 14:30:35] << Zaracto Hosteran da dat mot hop dong Jhon Smit gia $1000000 , Chi tiet: kill >>
[2016/4/22 - 14:30:39] << Timofei Bashkirov da dat mot hop dong Jaki Natsumii gia $50000 , Chi tiet: gjet no di bo lao lam >>
[2016/4/22 - 14:44:38] << Zaracto Hosteran da dat mot hop dong Jhon Smit gia $1000000 , Chi tiet: giet >>
[2016/4/22 - 14:46:38] << LaoThinh LaoThinh da dat mot hop dong Jhon Smit gia $100000 , Chi tiet: giet >>
[2016/4/22 - 14:49:01] << Zaracto Hosteran da dat mot hop dong Jhon Smit gia $1000000 , Chi tiet: giet >>
[2016/4/22 - 14:49:21] << Jhon Smit da dat mot hop dong RED GDRAGON gia $500000 , Chi tiet: giet >>
[2016/4/22 - 14:52:06] << Zaracto Hosteran da dat mot hop dong Jhon Smit gia $1000000 , Chi tiet: goet >>
[2016/4/22 - 14:52:36] << Asdin Nguyen da dat mot hop dong Harold Shipman gia $50000 , Chi tiet: ghet >>
[2016/4/22 - 14:57:45] << Virgo Lamer da dat mot hop dong darrel hebret gia $50000 , Chi tiet: laolon >>
[2016/4/22 - 15:03:05] << Zaracto Hosteran da dat mot hop dong Jhon Smit gia $100000 , Chi tiet: giet >>
[2016/4/22 - 15:03:07] << Zaracto Hosteran da dat mot hop dong Jhon Smit gia $100000 , Chi tiet: giet >>
[2016/4/22 - 15:03:08] << Zaracto Hosteran da dat mot hop dong Jhon Smit gia $100000 , Chi tiet: giet >>
[2016/4/22 - 15:03:09] << Zaracto Hosteran da dat mot hop dong Jhon Smit gia $100000 , Chi tiet: giet >>
[2016/4/22 - 15:03:09] << Zaracto Hosteran da dat mot hop dong Jhon Smit gia $100000 , Chi tiet: giet >>
[2016/4/22 - 15:03:10] << Zaracto Hosteran da dat mot hop dong Jhon Smit gia $100000 , Chi tiet: giet >>
[2016/4/22 - 15:03:13] << Zaracto Hosteran da dat mot hop dong Jhon Smit gia $100000 , Chi tiet: giet >>
[2016/4/22 - 15:03:14] << Zaracto Hosteran da dat mot hop dong Jhon Smit gia $100000 , Chi tiet: giet >>
[2016/4/22 - 15:03:15] << Zaracto Hosteran da dat mot hop dong Jhon Smit gia $100000 , Chi tiet: giet >>
[2016/4/22 - 15:03:16] << Zaracto Hosteran da dat mot hop dong Jhon Smit gia $100000 , Chi tiet: giet >>
[2016/4/22 - 15:04:41] << Zaracto Hosteran da dat mot hop dong Park Man gia $100000 , Chi tiet: giet >>
[2016/4/22 - 15:04:42] << Zaracto Hosteran da dat mot hop dong Park Man gia $100000 , Chi tiet: giet >>
[2016/4/22 - 15:04:43] << Zaracto Hosteran da dat mot hop dong Park Man gia $100000 , Chi tiet: giet >>
[2016/4/22 - 15:04:45] << Zaracto Hosteran da dat mot hop dong Park Man gia $100000 , Chi tiet: giet >>
[2016/4/22 - 15:04:45] << Zaracto Hosteran da dat mot hop dong Park Man gia $100000 , Chi tiet: giet >>
[2016/4/22 - 15:04:46] << Zaracto Hosteran da dat mot hop dong Park Man gia $100000 , Chi tiet: giet >>
[2016/4/22 - 15:04:47] << Zaracto Hosteran da dat mot hop dong Park Man gia $100000 , Chi tiet: giet >>
[2016/4/22 - 15:04:48] << Zaracto Hosteran da dat mot hop dong Park Man gia $100000 , Chi tiet: giet >>
[2016/4/22 - 15:04:49] << Zaracto Hosteran da dat mot hop dong Park Man gia $100000 , Chi tiet: giet >>
[2016/4/22 - 15:04:51] << Zaracto Hosteran da dat mot hop dong Park Man gia $100000 , Chi tiet: giet >>
[2016/4/22 - 15:05:24] << Zaracto Hosteran da dat mot hop dong Walking Barrio gia $100000 , Chi tiet: giet >>
[2016/4/22 - 15:05:25] << Zaracto Hosteran da dat mot hop dong Walking Barrio gia $100000 , Chi tiet: giet >>
[2016/4/22 - 15:05:26] << Zaracto Hosteran da dat mot hop dong Walking Barrio gia $100000 , Chi tiet: giet >>
[2016/4/22 - 15:05:27] << Zaracto Hosteran da dat mot hop dong Walking Barrio gia $100000 , Chi tiet: giet >>
[2016/4/22 - 15:05:28] << Zaracto Hosteran da dat mot hop dong Walking Barrio gia $100000 , Chi tiet: giet >>
[2016/4/22 - 15:05:29] << Zaracto Hosteran da dat mot hop dong Walking Barrio gia $100000 , Chi tiet: giet >>
[2016/4/22 - 15:05:30] << Zaracto Hosteran da dat mot hop dong Walking Barrio gia $100000 , Chi tiet: giet >>
[2016/4/22 - 15:05:31] << Zaracto Hosteran da dat mot hop dong Walking Barrio gia $100000 , Chi tiet: giet >>
[2016/4/22 - 15:05:33] << Zaracto Hosteran da dat mot hop dong Walking Barrio gia $100000 , Chi tiet: giet >>
[2016/4/22 - 15:05:34] << Zaracto Hosteran da dat mot hop dong Walking Barrio gia $100000 , Chi tiet: giet >>
[2016/4/22 - 15:05:52] << Zaracto Hosteran da dat mot hop dong RED GDRAGON gia $100000 , Chi tiet: giet >>
[2016/4/22 - 15:05:53] << Zaracto Hosteran da dat mot hop dong RED GDRAGON gia $100000 , Chi tiet: giet >>
[2016/4/22 - 15:05:54] << Zaracto Hosteran da dat mot hop dong RED GDRAGON gia $100000 , Chi tiet: giet >>
[2016/4/22 - 15:05:55] << Zaracto Hosteran da dat mot hop dong RED GDRAGON gia $100000 , Chi tiet: giet >>
[2016/4/22 - 15:05:58] << Zaracto Hosteran da dat mot hop dong RED GDRAGON gia $100000 , Chi tiet: giet >>
[2016/4/22 - 15:06:00] << Zaracto Hosteran da dat mot hop dong RED GDRAGON gia $100000 , Chi tiet: giet >>
[2016/4/22 - 15:06:01] << Zaracto Hosteran da dat mot hop dong RED GDRAGON gia $100000 , Chi tiet: giet >>
[2016/4/22 - 15:06:02] << Zaracto Hosteran da dat mot hop dong RED GDRAGON gia $100000 , Chi tiet: giet >>
[2016/4/22 - 15:06:03] << Zaracto Hosteran da dat mot hop dong RED GDRAGON gia $100000 , Chi tiet: giet >>
[2016/4/22 - 15:06:04] << Zaracto Hosteran da dat mot hop dong RED GDRAGON gia $100000 , Chi tiet: giet >>
[2016/4/22 - 15:07:16] << Zaracto Hosteran da dat mot hop dong Alexander Chivas gia $100000 , Chi tiet: lam viec nao hitman >>
[2016/4/22 - 15:07:17] << Zaracto Hosteran da dat mot hop dong Alexander Chivas gia $100000 , Chi tiet: lam viec nao hitman >>
[2016/4/22 - 15:07:17] << Zaracto Hosteran da dat mot hop dong Alexander Chivas gia $100000 , Chi tiet: lam viec nao hitman >>
[2016/4/22 - 15:07:19] << Zaracto Hosteran da dat mot hop dong Alexander Chivas gia $100000 , Chi tiet: lam viec nao hitman >>
[2016/4/22 - 15:07:20] << Zaracto Hosteran da dat mot hop dong Alexander Chivas gia $100000 , Chi tiet: lam viec nao hitman >>
[2016/4/22 - 15:07:21] << Zaracto Hosteran da dat mot hop dong Alexander Chivas gia $100000 , Chi tiet: lam viec nao hitman >>
[2016/4/22 - 15:07:22] << Zaracto Hosteran da dat mot hop dong Alexander Chivas gia $100000 , Chi tiet: lam viec nao hitman >>
[2016/4/22 - 15:07:23] << Zaracto Hosteran da dat mot hop dong Alexander Chivas gia $100000 , Chi tiet: lam viec nao hitman >>
[2016/4/22 - 15:07:24] << Zaracto Hosteran da dat mot hop dong Alexander Chivas gia $100000 , Chi tiet: lam viec nao hitman >>
[2016/4/22 - 15:07:25] << Zaracto Hosteran da dat mot hop dong Alexander Chivas gia $100000 , Chi tiet: lam viec nao hitman >>
[2016/4/22 - 15:07:52] << Zaracto Hosteran da dat mot hop dong Tran Minh Hoang gia $100000 , Chi tiet: lam viec vui ve nha may em >>
[2016/4/22 - 15:07:53] << Zaracto Hosteran da dat mot hop dong Tran Minh Hoang gia $100000 , Chi tiet: lam viec vui ve nha may em >>
[2016/4/22 - 15:07:54] << Zaracto Hosteran da dat mot hop dong Tran Minh Hoang gia $100000 , Chi tiet: lam viec vui ve nha may em >>
[2016/4/22 - 15:07:55] << Zaracto Hosteran da dat mot hop dong Tran Minh Hoang gia $100000 , Chi tiet: lam viec vui ve nha may em >>
[2016/4/22 - 15:07:56] << Zaracto Hosteran da dat mot hop dong Tran Minh Hoang gia $100000 , Chi tiet: lam viec vui ve nha may em >>
[2016/4/22 - 15:07:57] << Zaracto Hosteran da dat mot hop dong Tran Minh Hoang gia $100000 , Chi tiet: lam viec vui ve nha may em >>
[2016/4/22 - 15:07:58] << Zaracto Hosteran da dat mot hop dong Tran Minh Hoang gia $100000 , Chi tiet: lam viec vui ve nha may em >>
[2016/4/22 - 15:07:59] << Zaracto Hosteran da dat mot hop dong Tran Minh Hoang gia $100000 , Chi tiet: lam viec vui ve nha may em >>
[2016/4/22 - 15:08:00] << Zaracto Hosteran da dat mot hop dong Tran Minh Hoang gia $100000 , Chi tiet: lam viec vui ve nha may em >>
[2016/4/22 - 15:08:01] << Zaracto Hosteran da dat mot hop dong Tran Minh Hoang gia $100000 , Chi tiet: lam viec vui ve nha may em >>
[2016/4/22 - 15:09:13] << Zaracto Hosteran da dat mot hop dong Ken Boss gia $100000 , Chi tiet: hitman chich no cho anh =]]z >>
[2016/4/22 - 15:09:14] << Zaracto Hosteran da dat mot hop dong Ken Boss gia $100000 , Chi tiet: hitman chich no cho anh =]]z >>
[2016/4/22 - 15:09:16] << Zaracto Hosteran da dat mot hop dong Ken Boss gia $100000 , Chi tiet: hitman chich no cho anh =]]z >>
[2016/4/22 - 15:09:17] << Zaracto Hosteran da dat mot hop dong Ken Boss gia $100000 , Chi tiet: hitman chich no cho anh =]]z >>
[2016/4/22 - 15:09:18] << Zaracto Hosteran da dat mot hop dong Ken Boss gia $100000 , Chi tiet: hitman chich no cho anh =]]z >>
[2016/4/22 - 15:09:19] << Zaracto Hosteran da dat mot hop dong Ken Boss gia $100000 , Chi tiet: hitman chich no cho anh =]]z >>
[2016/4/22 - 15:09:20] << Zaracto Hosteran da dat mot hop dong Ken Boss gia $100000 , Chi tiet: hitman chich no cho anh =]]z >>
[2016/4/22 - 15:09:21] << Zaracto Hosteran da dat mot hop dong Ken Boss gia $100000 , Chi tiet: hitman chich no cho anh =]]z >>
[2016/4/22 - 15:18:45] << David Thang da dat mot hop dong Donimic Andrew gia $100000 , Chi tiet: Noi chuyen lao lon >>
[2016/4/22 - 15:19:02] << Grover KuTos da dat mot hop dong The TaiBa gia $1000000 , Chi tiet: tao muon tra thu >>
[2016/4/22 - 15:19:08] << LaoThinh LaoThinh da dat mot hop dong Charlie Eleazar gia $100000 , Chi tiet: giet >>
[2016/4/22 - 15:21:52] << LaoThinh LaoThinh da dat mot hop dong Canabis Bejamin gia $100000 , Chi tiet: giet >>
[2016/4/22 - 15:23:57] << The TaiBa da dat mot hop dong Marco Treys gia $1000000 , Chi tiet: sao lon >>
[2016/4/22 - 15:51:58] << Tram Nguyen da dat mot hop dong Huan Smith gia $100000 , Chi tiet: kos >>
[2016/4/22 - 15:52:01] << The TaiBa da dat mot hop dong Armin Guetta gia $1000000 , Chi tiet: sao lon  >>
[2016/4/22 - 15:52:38] << ken S Canabis da dat mot hop dong Ken Boss gia $100000 , Chi tiet: hack  >>
[2016/4/22 - 15:57:25] << Alexander Chivas da dat mot hop dong Hoa Loc gia $100000 , Chi tiet: muc no >>
[2016/4/22 - 15:58:43] << Alexander Chivas da dat mot hop dong Evans  gia $500000 , Chi tiet: giet no >>
[2016/4/22 - 17:30:24] << Rorlin Warriors da dat mot hop dong Gao Bac gia $500000 , Chi tiet: lam dung >>
[2016/4/22 - 17:31:29] << Doe Adens da dat mot hop dong Phan MinhLuan gia $50000 , Chi tiet: giet >>
[2016/4/22 - 17:49:38] << LaoThinh LaoThinh da dat mot hop dong ShiSha xSat gia $100000 , Chi tiet: giet >>
[2016/4/22 - 17:53:51] << Mark Roys da dat mot hop dong Aquarius Corleone gia $50000 , Chi tiet: Co ngon giet di >>
[2016/4/22 - 17:57:45] << Doe Adens da dat mot hop dong Roy S Su gia $50000 , Chi tiet: giet >>
[2016/4/22 - 17:58:05] << Bo Warrios da dat mot hop dong Hardy Messi gia $100000 , Chi tiet: khi du qua >>
[2016/4/22 - 18:10:17] << Aquarius Corleone da dat mot hop dong bich trang gia $50000 , Chi tiet: RIP >>
[2016/4/22 - 18:19:09] << Harold Shipman da dat mot hop dong Rio gia $50000 , Chi tiet: toi thuong anh ta >>
[2016/4/22 - 18:19:12] << Darks Night da dat mot hop dong Rio gia $50000 , Chi tiet: Kos >>
[2016/4/22 - 18:19:40] << LaoThinh LaoThinh da dat mot hop dong Kyoya Hibari gia $100000 , Chi tiet: muc >>
[2016/4/22 - 18:26:30] << Huy Pham da dat mot hop dong Thong Luu gia $100000 , Chi tiet: Khong Thuong Tiet >>
[2016/4/22 - 18:33:11] << Huy Pham da dat mot hop dong Harold Shipman gia $100000 , Chi tiet: giet >>
[2016/4/22 - 18:46:30] << Blue Kens da dat mot hop dong Dino Tien gia $50000 , Chi tiet: e >>
[2016/4/22 - 20:17:17] << Aquarius Corleone da dat mot hop dong Hardy Messi gia $50000 , Chi tiet: RIP >>
[2016/4/22 - 20:21:54] << Aquarius Corleone da dat mot hop dong NguyenQuoc Dung gia $50000 , Chi tiet: RIP >>
[2016/4/23 - 8:17:01] << beo aquarius da dat mot hop dong Anh Pham gia $50000 , Chi tiet: giet >>
[2016/4/23 - 8:46:39] << Evil.H Geniuses da dat mot hop dong Max Speed gia $100000 , Chi tiet: giét chét cm nó >>
[2016/4/23 - 8:51:50] << Yakuza Dinh da dat mot hop dong Best Skill gia $100000 , Chi tiet: Tung xe tao >>
[2016/4/23 - 10:20:30] << Doe Adens da dat mot hop dong Huyy Touliver gia $50000 , Chi tiet: giet no >>
[2016/4/23 - 13:07:10] << Nhok duy da dat mot hop dong Mafia Danh gia $50000 , Chi tiet: 1 >>
[2016/4/23 - 15:50:08] << Kody Nash da dat mot hop dong Beo Aquarius gia $50000 , Chi tiet: giet dum  >>
[2016/4/23 - 18:08:06] << Gia Bao da dat mot hop dong Thong Luu gia $500000 , Chi tiet: Chém >>
[2016/4/23 - 18:55:06] << PhamVan Lim da dat mot hop dong beo aquarius gia $100000 , Chi tiet: ahihi >>
[2016/4/23 - 18:55:09] << PhamVan Lim da dat mot hop dong beo aquarius gia $100000 , Chi tiet: ahihi >>
[2016/4/23 - 18:55:10] << PhamVan Lim da dat mot hop dong beo aquarius gia $100000 , Chi tiet: ahihi >>
[2016/4/23 - 18:55:10] << PhamVan Lim da dat mot hop dong beo aquarius gia $100000 , Chi tiet: ahihi >>
[2016/4/23 - 18:55:11] << PhamVan Lim da dat mot hop dong beo aquarius gia $100000 , Chi tiet: ahihi >>
[2016/4/23 - 18:55:12] << PhamVan Lim da dat mot hop dong beo aquarius gia $100000 , Chi tiet: ahihi >>
[2016/4/23 - 18:55:12] << PhamVan Lim da dat mot hop dong beo aquarius gia $100000 , Chi tiet: ahihi >>
[2016/4/23 - 18:55:13] << PhamVan Lim da dat mot hop dong beo aquarius gia $100000 , Chi tiet: ahihi >>
[2016/4/23 - 18:55:14] << PhamVan Lim da dat mot hop dong beo aquarius gia $100000 , Chi tiet: ahihi >>
[2016/4/23 - 18:58:23] << Roler.H Frand da dat mot hop dong James Pother gia $100000 , Chi tiet: dau ia~ qua' >>
[2016/4/23 - 18:58:27] << Roler.H Frand da dat mot hop dong James Pother gia $100000 , Chi tiet: dau ia~ qua' >>
[2016/4/23 - 18:58:28] << Roler.H Frand da dat mot hop dong James Pother gia $100000 , Chi tiet: dau ia~ qua' >>
[2016/4/23 - 18:58:28] << Roler.H Frand da dat mot hop dong James Pother gia $100000 , Chi tiet: dau ia~ qua' >>
[2016/4/23 - 18:58:29] << Roler.H Frand da dat mot hop dong James Pother gia $100000 , Chi tiet: dau ia~ qua' >>
[2016/4/24 - 7:47:09] << Annh Kiet da dat mot hop dong Mafia Ti gia $100000 , Chi tiet: giet >>
[2016/4/24 - 7:50:37] << Aquarius Corleone da dat mot hop dong Nguyen ThuyVy gia $100000 , Chi tiet: RIP >>
[2016/4/24 - 7:57:23] << Annh Kiet da dat mot hop dong Macolo Gambit gia $1000000 , Chi tiet: giet >>
[2016/4/24 - 8:19:04] << Aquarius Corleone da dat mot hop dong Armin Guetta gia $50000 , Chi tiet: RIP >>
[2016/4/24 - 8:27:12] << Arytom Nathan da dat mot hop dong Natt Ryder gia $50000 , Chi tiet: giet >>
[2016/4/24 - 8:27:14] << Swag Ryan da dat mot hop dong David Thang gia $1000000 , Chi tiet: ngu >>
[2016/4/24 - 8:27:46] << Kien Smiles da dat mot hop dong ZoRo Stone gia $500000 , Chi tiet: Ghet >>
[2016/4/24 - 8:29:50] << Kien Smiles da dat mot hop dong ZoRo Stone gia $100000 , Chi tiet: Ghet >>
[2016/4/24 - 8:30:38] << Aquarius Corleone da dat mot hop dong Arytom Nathan gia $50000 , Chi tiet: RIP >>
[2016/4/24 - 8:44:09] << Christopher Dudus da dat mot hop dong Kin Aremas gia $50000 , Chi tiet: Kill him >>
[2016/4/24 - 8:57:03] << Aquarius Corleone da dat mot hop dong bich trang gia $50000 , Chi tiet: RIP >>
[2016/4/24 - 9:13:54] << beo aquarius da dat mot hop dong bich trang gia $50000 , Chi tiet: giet >>
[2016/4/24 - 9:34:05] << Roler.H Frand da dat mot hop dong Dino Ti gia $1000000 , Chi tiet: lun em mo thui >>
[2016/4/24 - 9:38:14] << Roler.H Frand da dat mot hop dong Dino Ti gia $1000000 , Chi tiet: lun em mo thui >>
[2016/4/24 - 9:38:52] << Dino Ti da dat mot hop dong Kii Han.dsome gia $300000 , Chi tiet: giet >>
[2016/4/24 - 9:43:27] << Kii Han.dsome da dat mot hop dong PhamDuy Hung gia $1000000 , Chi tiet: Giet >>
[2016/4/24 - 9:52:29] << Kii Han.dsome da dat mot hop dong Dino Ti gia $1000000 , Chi tiet: Giet >>
[2016/4/24 - 9:56:31] << Dino Ti da dat mot hop dong Kii Han.dsome gia $1000000 , Chi tiet: get dit me may hop dong tao >>
[2016/4/24 - 10:09:11] << Dino Ti da dat mot hop dong Leck S gia $500000 , Chi tiet: giet. >>
[2016/4/24 - 10:11:29] << Kii Han.dsome da dat mot hop dong Dino Ti gia $1000000 , Chi tiet: . >>
[2016/4/24 - 10:18:29] << Kii Han.dsome da dat mot hop dong Dino Ti gia $1000000 , Chi tiet: 1 >>
[2016/4/24 - 10:38:06] << Red Vagos da dat mot hop dong Louisa Richard gia $50000 , Chi tiet: giet no  >>
[2016/4/24 - 11:25:28] << Jeremy Droy Haller da dat mot hop dong Kelvin tien gia $100000 , Chi tiet: hihi >>
[2016/4/24 - 12:18:30] << Kaito Chuot da dat mot hop dong LTT Dung gia $100000 , Chi tiet: Giet no >>
[2016/4/24 - 12:48:00] << Eren Jeager da dat mot hop dong Song Joong Ki gia $1000000 , Chi tiet: Song mat loz >>
[2016/4/24 - 12:48:47] << Rio SoiCa da dat mot hop dong Eren Jeager gia $100000 , Chi tiet: hiep dam  >>
[2016/4/24 - 17:37:19] << Nhok duy da dat mot hop dong Be duy gia $50000 , Chi tiet: 1 >>
[2016/4/24 - 18:22:52] << Be Ngan da dat mot hop dong Alexander Phi gia $100000 , Chi tiet: giet >>
[2016/4/24 - 18:23:02] << Be Ngan da dat mot hop dong Alexander Phi gia $100000 , Chi tiet: giet >>
[2016/4/24 - 19:19:17] << Dariok Quy da dat mot hop dong Anu.Do Ban gia $1000000 , Chi tiet: giet >>
[2016/4/24 - 20:22:44] << Nhok duy da dat mot hop dong Paul gia $100000 , Chi tiet: Giet no >>
[2016/4/24 - 20:23:12] << Zeous Robeo da dat mot hop dong Kexing gia $100000 , Chi tiet: Kexing ra day co chuyen ti >>
[2016/4/24 - 20:23:15] << Zeous Robeo da dat mot hop dong Kexing gia $100000 , Chi tiet: Kexing ra day co chuyen ti >>
[2016/4/24 - 20:23:15] << Zeous Robeo da dat mot hop dong Kexing gia $100000 , Chi tiet: Kexing ra day co chuyen ti >>
[2016/4/24 - 21:15:23] << Matthew Award da dat mot hop dong Rain Harvey gia $1000000 , Chi tiet: giettttttttttttt >>
[2016/4/25 - 1:46:41] << Derek da dat mot hop dong BeeTroll Scofied gia $50000 , Chi tiet: RIP >>
[2016/4/25 - 1:49:35] << Beo Aquarius da dat mot hop dong Dizzle McGrath gia $100000 , Chi tiet: RIP >>
[2016/4/25 - 9:31:46] << Julie Lilly da dat mot hop dong Kiet pham gia $1000000 , Chi tiet: Giet >>
[2016/4/25 - 9:37:42] << Kii Han.dsome da dat mot hop dong Dariok Quy gia $100000 , Chi tiet: Giet >>
[2016/4/25 - 9:37:55] << Yakuza Family da dat mot hop dong Kiet pham gia $50000 , Chi tiet: chem no >>
[2016/4/25 - 9:46:01] << Kii Han.dsome da dat mot hop dong Dariok Quy gia $100000 , Chi tiet: 1 >>
[2016/4/25 - 9:53:56] << Kii Han.dsome da dat mot hop dong Dariok Quy gia $100000 , Chi tiet: . >>
[2016/4/25 - 10:24:11] << Red Vagos da dat mot hop dong Louisa Richard gia $50000 , Chi tiet: cc >>
[2016/4/25 - 11:00:33] << Andy Tedd da dat mot hop dong Yakuza Max gia $50000 , Chi tiet: Giet >>
[2016/4/25 - 11:01:00] << Andy Tedd da dat mot hop dong Hoa Loc gia $50000 , Chi tiet: Giet >>
[2016/4/25 - 11:01:15] << Andy Tedd da dat mot hop dong HBA Staff gia $50000 , Chi tiet: Giet >>
[2016/4/25 - 11:01:28] << Andy Tedd da dat mot hop dong Harrison Staff gia $50000 , Chi tiet: Giet >>
[2016/4/25 - 11:01:34] << Andy Tedd da dat mot hop dong Dariok Quy gia $50000 , Chi tiet: Giet >>
[2016/4/25 - 11:01:46] << Andy Tedd da dat mot hop dong Kii Han.dsome gia $50000 , Chi tiet: Giet >>
[2016/4/25 - 11:01:54] << Andy Tedd da dat mot hop dong Timofei Bashkirov gia $50000 , Chi tiet: Giet >>
[2016/4/25 - 11:02:01] << Andy Tedd da dat mot hop dong sang gia $50000 , Chi tiet: Giet >>
[2016/4/25 - 11:02:07] << Andy Tedd da dat mot hop dong Swag Ryan gia $100000 , Chi tiet: Giet >>
[2016/4/25 - 11:02:11] << Andy Tedd da dat mot hop dong Nick Rainer gia $50000 , Chi tiet: Giet >>
[2016/4/25 - 11:02:25] << Andy Tedd da dat mot hop dong Ercy Phantom gia $50000 , Chi tiet: Giet >>
[2016/4/25 - 20:36:55] << Yakuza Max da dat mot hop dong Yakuza Smith gia $50000 , Chi tiet: e >>
[2016/4/25 - 21:40:50] << Matthew Award da dat mot hop dong Hoang Minion gia $100000 , Chi tiet: giett >>
[2016/4/25 - 21:49:20] << Marco Reus da dat mot hop dong Phan VanTrong gia $50000 , Chi tiet: Chem' >>
[2016/4/26 - 1:04:46] << Hoang Minion da dat mot hop dong Marco Reus gia $100000 , Chi tiet: mai thi gioi chua ngu >>
[2016/4/26 - 9:32:55] << Dariok Quy da dat mot hop dong Kii Han.dsome gia $50000 , Chi tiet: rip >>
[2016/4/26 - 9:58:12] << Dariok Quy da dat mot hop dong darrel hebret gia $50000 , Chi tiet: rip >>
[2016/4/26 - 10:12:43] << Dariok Quy da dat mot hop dong Natt Lucifer gia $50000 , Chi tiet: rio >>
[2016/4/26 - 10:16:19] << Dariok Quy da dat mot hop dong HBA Staff gia $50000 , Chi tiet: rip >>
[2016/4/26 - 10:26:49] << Dariok Quy da dat mot hop dong Nguyen Cong Tien gia $100000 , Chi tiet: rip >>
[2016/4/26 - 10:30:38] << Dariok Quy da dat mot hop dong Hoang Minion gia $100000 , Chi tiet: rip >>
[2016/4/26 - 10:31:01] << Kii Han.dsome da dat mot hop dong Andy Tedd gia $1000000 , Chi tiet: Hop dong Yeu ! >>
[2016/4/26 - 10:44:42] << Dariok Quy da dat mot hop dong Kii Han.dsome gia $50000 , Chi tiet: rip >>
[2016/4/26 - 14:47:47] << EnDer Ninex da dat mot hop dong Fan Sky gia $200000 , Chi tiet: chet >>
[2016/4/26 - 19:57:29] << Willams Hanchi da dat mot hop dong PhamDuy Hung gia $50000 , Chi tiet: lao a >>
[2016/4/26 - 20:42:41] << Kyoya Hibari da dat mot hop dong Lan Em gia $100000 , Chi tiet: Giet Chet me no >>
[2016/4/26 - 20:43:02] << Kyoya Hibari da dat mot hop dong Lan Em gia $100000 , Chi tiet: Giet Chet me no >>
[2016/4/26 - 20:43:05] << Kyoya Hibari da dat mot hop dong Lan Em gia $100000 , Chi tiet: Giet Chet me no >>
[2016/4/27 - 8:26:47] << Nu.D Edwar da dat mot hop dong Kelvin tien gia $100000 , Chi tiet: rip >>
[2016/4/27 - 8:34:59] << Nu.D Edwar da dat mot hop dong Amon Mafia gia $500000 , Chi tiet: rip >>
[2016/4/27 - 8:49:18] << Willams Hanchi da dat mot hop dong Nu.D Edwar gia $500000 , Chi tiet: deo cho tao ve ha >>
[2016/4/27 - 8:55:56] << Nu.D Edwar da dat mot hop dong Nguyen.Van Tu gia $50000 , Chi tiet: rip >>
[2016/4/27 - 8:57:43] << Nu.D Edwar da dat mot hop dong Kii Han.dsome gia $50000 , Chi tiet: rip >>
[2016/4/27 - 10:05:41] << Nu.D Edwar da dat mot hop dong PhamDuy Hung gia $50000 , Chi tiet: rip >>
[2016/4/27 - 10:12:53] << Nu.D Edwar da dat mot hop dong PhamDuy Hung gia $50000 , Chi tiet: rip >>
[2016/4/27 - 10:14:29] << Nu.D Edwar da dat mot hop dong PhamDuy Hung gia $50000 , Chi tiet: rip >>
[2016/4/27 - 10:15:37] << Timofei Bashkirov da dat mot hop dong PhamDuy Hung gia $50000 , Chi tiet: lay dc cai lo tai  no , Okey >>
[2016/4/27 - 10:23:32] << PhamDuy Hung da dat mot hop dong Kody Nash gia $100000 , Chi tiet: lay con cu no va lo tai cua no >>
[2016/4/27 - 11:19:30] << Ken TuTu da dat mot hop dong Trang Osace gia $50000 , Chi tiet: giet ID:47 >>
[2016/4/27 - 14:06:42] << Phonix Miller da dat mot hop dong LaoThinh LaoThinh gia $1000000 , Chi tiet: Con cac Thang Tuan' Minion >>
[2016/4/27 - 14:06:56] << Phonix Miller da dat mot hop dong Heslos Meidec gia $200000 , Chi tiet: giet di em >>
[2016/4/27 - 14:07:00] << Phonix Miller da dat mot hop dong Shizuka Forever gia $200000 , Chi tiet: giet di em >>
[2016/4/27 - 14:07:03] << Phonix Miller da dat mot hop dong MinH tHuan gia $200000 , Chi tiet: giet di em >>
[2016/4/27 - 14:07:08] << Phonix Miller da dat mot hop dong Yakuza Sky gia $200000 , Chi tiet: giet di em >>
[2016/4/27 - 14:07:14] << Phonix Miller da dat mot hop dong Marcus Stone gia $200000 , Chi tiet: giet di em >>
[2016/4/27 - 14:07:17] << Phonix Miller da dat mot hop dong Charlie Eleazar gia $200000 , Chi tiet: giet di em >>
[2016/4/27 - 14:07:23] << Phonix Miller da dat mot hop dong Adam rock gia $200000 , Chi tiet: giet di em >>
[2016/4/27 - 14:07:29] << Phonix Miller da dat mot hop dong Yakuza Max gia $200000 , Chi tiet: giet di em >>
[2016/4/27 - 14:07:32] << Phonix Miller da dat mot hop dong Kid TJackSon gia $200000 , Chi tiet: giet di em >>
[2016/4/27 - 14:07:34] << Phonix Miller da dat mot hop dong Yakuza Thuanxep gia $200000 , Chi tiet: giet di em >>
[2016/4/27 - 14:07:37] << Phonix Miller da dat mot hop dong pham thanh ty gia $200000 , Chi tiet: giet di em >>
[2016/4/27 - 14:07:40] << Phonix Miller da dat mot hop dong Valerie Andrea gia $200000 , Chi tiet: giet di em >>
[2016/4/27 - 14:07:42] << Phonix Miller da dat mot hop dong Kiet Caribbes gia $200000 , Chi tiet: giet di em >>
[2016/4/27 - 14:07:48] << Phonix Miller da dat mot hop dong Hoang Minion gia $200000 , Chi tiet: giet di em >>
[2016/4/27 - 14:07:50] << Phonix Miller da dat mot hop dong Obama Canabis gia $200000 , Chi tiet: giet di em >>
[2016/4/27 - 14:07:54] << Phonix Miller da dat mot hop dong Mark Roys gia $200000 , Chi tiet: giet di em >>
[2016/4/27 - 14:07:57] << Phonix Miller da dat mot hop dong Kyoya Hibari gia $200000 , Chi tiet: giet di em >>
[2016/4/27 - 14:08:00] << Phonix Miller da dat mot hop dong Heal Quis gia $200000 , Chi tiet: giet di em >>
[2016/4/27 - 14:08:11] << Phonix Miller da dat mot hop dong Thao Vy gia $200000 , Chi tiet: giet di em >>
[2016/4/27 - 14:08:25] << Phonix Miller da dat mot hop dong Walking gia $200000 , Chi tiet: giet di em >>
[2016/4/27 - 14:08:42] << Phonix Miller da dat mot hop dong Timofei Bashkirov gia $200000 , Chi tiet: giet di em >>
[2016/4/27 - 14:08:48] << Phonix Miller da dat mot hop dong Yakuza KhanhXep gia $150000 , Chi tiet: giet di em >>
[2016/4/27 - 15:29:23] << Timofei Bashkirov da dat mot hop dong Kid Club gia $50000 , Chi tiet: lay cai lo tai no cho tao >>
[2016/4/27 - 15:30:59] << Kid Club da dat mot hop dong Timofei Bashkirov gia $50000 , Chi tiet: giet no cho ah giet dc ah cho 1 >>
[2016/6/21 - 10:19:09] << Black Agency da dat mot hop dong Ginger Overik gia $100000 , Chi tiet: chet roi con /su >>
[2016/6/21 - 12:26:47] << TNT King da dat mot hop dong Le Van Loi gia $100000 , Chi tiet: no kos t >>
[2016/6/21 - 15:26:09] << Le Duc Tien da dat mot hop dong Penter Nick gia $100000 , Chi tiet: Giet >>
[2016/6/21 - 17:59:38] << Le Duc Tien da dat mot hop dong Phong Gamer gia $100000 , Chi tiet: Giet >>
[2016/6/21 - 18:40:54] << Jackson Thanh da dat mot hop dong Richard Hugh gia $100000 , Chi tiet: Giet >>
[2016/6/21 - 18:52:05] << Jackson Thanh da dat mot hop dong Richard Hugh gia $100000 , Chi tiet: Giet >>
[2016/6/21 - 19:12:50] << Jackson Thanh da dat mot hop dong Leo Cute gia $100000 , Chi tiet: Giet >>
[2016/6/21 - 20:21:19] << Sang Ricky da dat mot hop dong kha pro gia $1000000 , Chi tiet: giet >>
[2016/6/22 - 11:38:07] << Robinson Zero da dat mot hop dong Duong GiaThuan gia $100000 , Chi tiet: Giet Tong Thong >>
[2016/6/22 - 14:03:50] << Thomas.S Teen da dat mot hop dong Varios Ken gia $100000 , Chi tiet: Hiep' >>
[2016/6/22 - 14:12:52] << Brian Vinit da dat mot hop dong Hiei Tokage gia $1000000 , Chi tiet: Giet >>
[2016/6/22 - 14:37:35] << Nhat Thien da dat mot hop dong Holy Man gia $100000 , Chi tiet: Duong Oc Bo >>
[2016/6/22 - 14:53:34] << Penter Tri da dat mot hop dong Penter Kiet gia $50000 , Chi tiet: g et >>
[2016/6/22 - 14:53:50] << Kelvin Phuoc da dat mot hop dong Alexandra Ferrucio gia $500000 , Chi tiet: cho vào Hitman vói >>
[2016/6/22 - 14:54:12] << Penter Phat da dat mot hop dong Penter Kiet gia $200000 , Chi tiet: Ghe >>
[2016/6/22 - 15:03:05] << Penter NgocNhi da dat mot hop dong TNT OngTrumDat gia $50000 , Chi tiet: co han thu 2 ben >>
[2016/6/22 - 15:29:05] << Hiei Tokage da dat mot hop dong Penter Kiet gia $50000 , Chi tiet: Hmph >>
[2016/6/22 - 16:02:01] << Jack MitChell da dat mot hop dong TNT OngTrumDat gia $50000 , Chi tiet: ghet >>
[2016/6/22 - 16:02:03] << Holy Man da dat mot hop dong Jack MitChell gia $1000000 , Chi tiet: Buon ban lam an khong tot >>
[2016/6/23 - 11:09:23] << Penter Dat da dat mot hop dong TNT OngTrumDat gia $100000 , Chi tiet: giet no no koss tao >>
[2016/6/23 - 11:10:16] << TrUM Alone da dat mot hop dong TNT OngTrumDat gia $50000 , Chi tiet: choi no >>
[2016/6/23 - 11:26:52] << Le Duc Tien da dat mot hop dong TNT Tien gia $100000 , Chi tiet: Giet >>
[2016/6/23 - 11:44:58] << Nguyen Martin da dat mot hop dong Varios Ken gia $100000 , Chi tiet: lao  >>
[2016/6/23 - 12:20:54] << TranThi Huavy da dat mot hop dong Leo Cute gia $50000 , Chi tiet: giet >>
[2016/6/23 - 12:20:57] << Penter Kyle da dat mot hop dong Duong GiaThuan gia $50000 , Chi tiet: 1 >>
[2016/6/23 - 13:15:52] << Mi Pho da dat mot hop dong TNT OngTrumDat gia $50000 , Chi tiet: Giet!! >>
[2016/6/23 - 13:25:21] << Nhi Cute da dat mot hop dong Chiem Quoc Bao gia $100000 , Chi tiet: tai vi chui toi >>
[2016/6/23 - 13:28:27] << Duc Minh da dat mot hop dong Duong GiaThuan gia $500000 , Chi tiet: thich >>
[2016/6/23 - 13:31:22] << Duc Minh da dat mot hop dong Hantos Dat gia $200000 , Chi tiet: giet >>
[2016/6/23 - 13:32:33] << Duc Minh da dat mot hop dong Duong GiaThuan gia $200000 , Chi tiet: 1 >>
[2016/6/23 - 13:37:51] << Hantos Dat da dat mot hop dong Khang Ronald gia $1000000 , Chi tiet: Láo lz >>
[2016/6/23 - 14:01:02] << TNT Nguyen da dat mot hop dong Penter Kiet gia $50000 , Chi tiet: Lam dung C.A múc nó giùm dep nh >>
[2016/6/23 - 14:32:31] << Le Duc Tien da dat mot hop dong Hao Alone gia $100000 , Chi tiet: Giet no >>
[2016/6/23 - 14:34:26] << Le Duc Tien da dat mot hop dong vladirmir paul gia $100000 , Chi tiet: giet >>
[2016/6/23 - 14:54:31] << Le Duc Tien da dat mot hop dong Ku Win gia $100000 , Chi tiet: Giet >>
[2016/6/23 - 15:00:06] << TVG Dat da dat mot hop dong Chiem Quoc Bao gia $100000 , Chi tiet: 1 >>
[2016/6/23 - 15:46:58] << Penter Long da dat mot hop dong Penter Nick gia $200000 , Chi tiet: ghet >>
[2016/6/23 - 15:59:55] << Le Duc Tien da dat mot hop dong TNT OngTrumDat gia $100000 , Chi tiet: Giet >>
[2016/6/23 - 16:05:15] << Le Duc Tien da dat mot hop dong Penter Kyle gia $100000 , Chi tiet: GIet >>
[2016/6/23 - 17:34:52] << Khang Ronald da dat mot hop dong Jackson Thanh gia $100000 , Chi tiet: cc >>
[2016/6/23 - 17:35:05] << Nhi Cute da dat mot hop dong Duong GiaThuan gia $100000 , Chi tiet: :v thich >>
[2016/6/23 - 17:37:44] << Khang Ronald da dat mot hop dong Nguyen Martin gia $100000 , Chi tiet: c >>
[2016/6/23 - 17:41:08] << Master Vinh da dat mot hop dong Nguyen Phu gia $500000 , Chi tiet: ghet >>
[2016/6/23 - 17:46:55] << TNT Kings da dat mot hop dong TNT OngTrumDat gia $50000 , Chi tiet: giet no >>
[2016/6/23 - 17:47:38] << Khang Ronald da dat mot hop dong Leo Cute gia $100000 , Chi tiet: 1 >>
[2016/6/23 - 17:54:27] << Khang Ronald da dat mot hop dong Crazy Frog.Axel gia $100000 , Chi tiet: 1 >>
[2016/6/23 - 18:07:39] << Khang Ronald da dat mot hop dong Vi Giao Su gia $500000 , Chi tiet: 1 >>
[2016/6/23 - 18:09:04] << Khang Ronald da dat mot hop dong Nguyen Phu gia $500000 , Chi tiet: 1 >>
[2016/6/23 - 18:17:42] << Jackson Thanh da dat mot hop dong Khang Ronald gia $100000 , Chi tiet: Giet >>
[2016/6/23 - 18:20:57] << Khang Ronald da dat mot hop dong Huy Ricardo gia $100000 , Chi tiet: con cac thang lz Thuan >>
[2016/6/23 - 18:25:59] << Khang Ronald da dat mot hop dong Hiei Tokage gia $100000 , Chi tiet: giet no >>
[2016/6/23 - 18:27:24] << Khang Ronald da dat mot hop dong Tonny Max gia $1000000 , Chi tiet: 1 >>
[2016/6/23 - 18:30:44] << Khang Ronald da dat mot hop dong Nguyen Phu gia $100000 , Chi tiet: 1 >>
[2016/6/23 - 18:32:37] << Khang Ronald da dat mot hop dong Crazy Frog.Axel gia $100000 , Chi tiet: 1 >>
[2016/6/23 - 18:33:02] << Jackson Thanh da dat mot hop dong TNT OngTrumDat gia $100000 , Chi tiet: Giet >>
[2016/6/23 - 18:34:21] << Khang Ronald da dat mot hop dong Sang Ricky gia $100000 , Chi tiet: 1 >>
[2016/6/23 - 18:34:37] << kha pro da dat mot hop dong Duong GiaThuan gia $200000 , Chi tiet: giet >>
[2016/6/23 - 18:35:38] << Khang Ronald da dat mot hop dong Damian Wayne gia $100000 , Chi tiet: 1 >>
[2016/6/23 - 18:35:49] << Jackson Thanh da dat mot hop dong Kwon JiYong gia $100000 , Chi tiet: Giet >>
[2016/6/23 - 18:35:51] << Natthan Zyde da dat mot hop dong Kwon JiYong gia $500000 , Chi tiet: 1 >>
[2016/6/23 - 18:38:25] << Natthan Zyde da dat mot hop dong kha pro gia $100000 , Chi tiet: 1 >>
[2016/6/23 - 18:40:06] << Natthan Zyde da dat mot hop dong Kwon JiYong gia $100000 , Chi tiet: 1 >>
[2016/6/23 - 18:41:04] << Jackson Thanh da dat mot hop dong TNT OngTrumTien gia $100000 , Chi tiet: Giet >>
[2016/6/23 - 18:41:31] << Natthan Zyde da dat mot hop dong Kwon JiYong gia $100000 , Chi tiet: 1 >>
[2016/6/23 - 18:42:20] << TNT Nguyen da dat mot hop dong Penter Nick gia $50000 , Chi tiet: giet no cho tao >>
[2016/6/23 - 18:43:28] << Natthan Zyde da dat mot hop dong Duong GiaThuan gia $100000 , Chi tiet: 1 >>
[2016/6/23 - 18:43:49] << Natthan Zyde da dat mot hop dong Duong GiaThuan gia $100000 , Chi tiet: 1 >>
[2016/6/23 - 18:44:24] << Natthan Zyde da dat mot hop dong Pham Duy Hung gia $100000 , Chi tiet: 1 >>
[2016/6/23 - 18:45:26] << Natthan Zyde da dat mot hop dong Pham Duy Hung gia $100000 , Chi tiet: 1 >>
[2016/6/23 - 22:31:52] << Pham Duy Hung da dat mot hop dong Skipper.S Jacobs gia $100000 , Chi tiet: giêt >>
[2016/6/24 - 9:44:00] << Le Duc Tien da dat mot hop dong March Shakur gia $100000 , Chi tiet: Giet >>
[2016/6/24 - 10:15:50] << Le Duc Tien da dat mot hop dong Hoang Thien gia $100000 , Chi tiet: Giet >>
[2016/6/24 - 10:33:40] << Le Duc Tien da dat mot hop dong Typhoon Blade gia $100000 , Chi tiet: giet >>
[2016/6/24 - 10:39:42] << Le Duc Tien da dat mot hop dong Skipper.S Jacobs gia $100000 , Chi tiet: Giet >>
[2016/6/24 - 10:45:49] << Skipper.S Jacobs da dat mot hop dong Duong GiaThuan gia $50000 , Chi tiet: Ghet >>
[2016/6/24 - 10:46:32] << Le Duc Tien da dat mot hop dong Skipper.S Jacobs gia $100000 , Chi tiet: Giet >>
[2016/6/24 - 11:00:35] << Le Duc Tien da dat mot hop dong Typhoon Blade gia $100000 , Chi tiet: Giet >>
[2016/6/24 - 11:15:42] << Le Duc Tien da dat mot hop dong TNT BaTrumNhi gia $100000 , Chi tiet: GIet no  >>
[2016/6/24 - 11:23:34] << Le Duc Tien da dat mot hop dong Varios Ken gia $200000 , Chi tiet: Giet no >>
[2016/6/24 - 11:55:38] << Phat TNT da dat mot hop dong Leo Cute gia $100000 , Chi tiet: giet no >>
[2016/6/24 - 11:58:18] << Khang Ronald da dat mot hop dong Ku Kin gia $100000 , Chi tiet: lz Thuan >>
[2016/6/24 - 12:02:58] << Phat TNT da dat mot hop dong Huy Ricardo gia $100000 , Chi tiet: giet no >>
[2016/6/24 - 12:03:23] << Phat TNT da dat mot hop dong Huy Ricardo gia $100000 , Chi tiet: giet n/id 34o >>
[2016/6/24 - 12:11:10] << Lam ThanhThuan da dat mot hop dong kha pro gia $100000 , Chi tiet: giet >>
[2016/6/24 - 12:14:19] << Lam ThanhThuan da dat mot hop dong Leo Cute gia $100000 , Chi tiet: giet >>
[2016/6/24 - 12:36:21] << TNT BaTrumNhi da dat mot hop dong Ken Emperor gia $100000 , Chi tiet: nguoi da kos toi >>
[2016/6/24 - 12:36:54] << TNT BaTrumNhi da dat mot hop dong Duong GiaThuan gia $100000 , Chi tiet: Kos  >>
[2016/6/24 - 12:44:14] << Son Gohann da dat mot hop dong Mr Zero gia $500000 , Chi tiet: ghe >>
[2016/6/24 - 12:44:15] << Son Gohann da dat mot hop dong Mr Zero gia $500000 , Chi tiet: ghet >>
[2016/6/24 - 12:48:21] << Master Vinh da dat mot hop dong Phuc Ryder gia $500000 , Chi tiet: Giet >>
[2016/6/24 - 12:50:33] << Master Vinh da dat mot hop dong Phuc Ryder gia $500000 , Chi tiet: Giet >>
[2016/6/24 - 12:52:19] << Monstar.T Kings da dat mot hop dong Penter Dat gia $50000 , Chi tiet: giet  >>
[2016/6/24 - 12:53:48] << Quang Vy da dat mot hop dong Thomas Straight gia $100000 , Chi tiet: giet no cho tui >>
[2016/6/24 - 13:01:28] << Conlins Ken da dat mot hop dong Nicholas.R Teen gia $100000 , Chi tiet: Cho nó chet di >>
[2016/6/24 - 13:08:12] << Master Vinh da dat mot hop dong Quang Vy gia $500000 , Chi tiet: ghet >>
[2016/6/24 - 13:15:43] << Master Vinh da dat mot hop dong Damian Wayne gia $1000000 , Chi tiet: Het >>
[2016/6/24 - 13:16:01] << Master Vinh da dat mot hop dong Phuc Ryder gia $1000000 , Chi tiet: Het >>
[2016/6/24 - 14:10:25] << Jackson Thanh da dat mot hop dong Louisa Bridget gia $100000 , Chi tiet: Giet >>
[2016/6/24 - 14:14:08] << Jackson Thanh da dat mot hop dong Louisa Bridget gia $500000 , Chi tiet: Giet >>
[2016/6/24 - 14:15:17] << Louisa Bridget da dat mot hop dong Kwon JiYong gia $100000 , Chi tiet: Cút me mày di >>
[2016/6/24 - 14:42:42] << Master Vinh da dat mot hop dong Phuc Ryder gia $500000 , Chi tiet: ghet >>
[2016/6/24 - 14:54:16] << TNT Ghost da dat mot hop dong TNT OngTrumDat gia $50000 , Chi tiet: tra thu ca nhan >>
[2016/6/24 - 14:59:08] << Master Vinh da dat mot hop dong Doremon Nobita gia $1000000 , Chi tiet: giet >>
[2016/6/24 - 15:02:11] << Master Vinh da dat mot hop dong Huy Meo gia $500000 , Chi tiet: giet >>
[2016/6/24 - 15:05:37] << Jackson Thanh da dat mot hop dong TNT OngTrumDat gia $100000 , Chi tiet: No Bom >>
[2016/6/24 - 15:10:18] << Master Vinh da dat mot hop dong Louisa Bridget gia $1000000 , Chi tiet: hiep >>
[2016/6/24 - 15:25:49] << Master Vinh da dat mot hop dong Ginger Overik gia $500000 , Chi tiet: c >>
[2016/6/24 - 18:34:28] << Jackson Trum da dat mot hop dong Le Duc Tien gia $100000 , Chi tiet: giet >>
[2016/6/24 - 18:36:53] << Jackson Trum da dat mot hop dong Quang Vy gia $100000 , Chi tiet: giet >>
[2016/6/24 - 18:43:28] << Nicholas.R Teen da dat mot hop dong Quang Vy gia $200000 , Chi tiet: Hie[ >>
[2016/6/24 - 18:55:49] << Skipper.S Jacobs da dat mot hop dong Penter Phat gia $500000 , Chi tiet: chem >>
[2016/6/24 - 19:02:58] << Natthan Zyde da dat mot hop dong Son Gohann gia $100000 , Chi tiet: 1 >>
[2016/6/24 - 19:03:07] << Kwon JiYong da dat mot hop dong Son Gohann gia $100000 , Chi tiet: suu nhi qua >>
[2016/6/24 - 20:07:17] << Kwon JiYong da dat mot hop dong Son gohann gia $100000 , Chi tiet: suu nhi qua >>
[2016/6/24 - 20:16:06] << Kwon JiYong da dat mot hop dong Son gohann gia $100000 , Chi tiet: suu nhi qua >>
[2016/6/24 - 21:44:42] << Silvers Rayleigh da dat mot hop dong Peter Tran gia $50000 , Chi tiet: Giet!! >>
[2016/6/25 - 8:50:57] << Le Duc Tien da dat mot hop dong Sweet Smith gia $500000 , Chi tiet: Giet  >>
[2016/6/25 - 10:28:33] << Le Duc Tien da dat mot hop dong TNT OngTrumDat gia $100000 , Chi tiet: Giet >>
[2016/6/25 - 11:09:28] << Typhoon Blade da dat mot hop dong Quang Vy gia $200000 , Chi tiet: thich >>
[2016/6/25 - 11:14:59] << Quang Vy da dat mot hop dong Typhoon Blade gia $300000 , Chi tiet: giet chet me no cho tao >>
[2016/6/25 - 11:15:34] << Typhoon Blade da dat mot hop dong Quang Vy gia $100000 , Chi tiet: giet >>
[2016/6/25 - 12:17:16] << Alvin KELVIN da dat mot hop dong Chiem Quoc Bao gia $100000 , Chi tiet: giet no >>
[2016/6/25 - 12:37:47] << Khang Ronald da dat mot hop dong Quocan pro gia $100000 , Chi tiet: 1 >>
[2016/6/25 - 12:39:06] << Conlins Ken da dat mot hop dong Becky Vinsmoke gia $500000 , Chi tiet: geit >>
[2016/6/25 - 12:40:05] << Conlins Ken da dat mot hop dong Son gohann gia $100000 , Chi tiet: Cho chet me nó di >>
[2016/6/25 - 12:44:14] << Conlins Ken da dat mot hop dong Jame Smile gia $100000 , Chi tiet: geit >>
[2016/6/25 - 13:12:50] << Conlins Ken da dat mot hop dong hoang Thien gia $100000 , Chi tiet: giet >>
[2016/6/25 - 13:12:53] << Conlins Ken da dat mot hop dong Becky Vinsmoke gia $100000 , Chi tiet: giet >>
[2016/6/25 - 13:12:57] << Conlins Ken da dat mot hop dong Zero Smile gia $100000 , Chi tiet: giet >>
[2016/6/25 - 13:13:01] << Conlins Ken da dat mot hop dong Ku Kin gia $100000 , Chi tiet: giet >>
[2016/6/25 - 13:25:06] << Nghia Kun da dat mot hop dong Son Gohann gia $100000 , Chi tiet: CC giet no dum cai >>
[2016/6/25 - 13:25:14] << Nghia Kun da dat mot hop dong Huy Ricardo gia $100000 , Chi tiet: CC giet no dum cai >>
[2016/6/25 - 13:38:29] << Quoc Khuong da dat mot hop dong Mark Smile gia $100000 , Chi tiet: hop dong >>
[2016/6/25 - 14:10:25] << Jackson Thanh da dat mot hop dong Couliver Piuu gia $200000 , Chi tiet: Dat Bom >>
[2016/6/25 - 14:52:05] << Typhoon Blade da dat mot hop dong Quang Vy gia $100000 , Chi tiet: Giet >>
[2016/6/25 - 15:47:30] << peter pan da dat mot hop dong Vi Giao Su gia $100000 , Chi tiet: dap chet  ba no >>
[2016/6/25 - 16:11:05] << Sweet Smith da dat mot hop dong TNT OngTrumDat gia $500000 , Chi tiet: bolao >>
[2016/6/25 - 16:21:04] << Crazy Frog.Axel da dat mot hop dong Vi Giao Su gia $50000 , Chi tiet: test >>
[2016/6/25 - 16:29:57] << Vi Giao Su da dat mot hop dong Crazy Frog.Axel gia $500000 , Chi tiet: tien no' di >>
[2016/6/25 - 16:30:52] << Mr Tee da dat mot hop dong Ken Emperor gia $100000 , Chi tiet: giet no di >>
[2016/6/25 - 16:34:54] << Penter Tri da dat mot hop dong Penter Kiet gia $50000 , Chi tiet: Gietttttttttttttttttt >>
[2016/6/25 - 16:35:01] << Vinh Rau da dat mot hop dong Vi Giao Su gia $500000 , Chi tiet: get >>
[2016/6/25 - 16:35:18] << Roman Xlay da dat mot hop dong Thai Nguyen gia $100000 , Chi tiet: lao lozz >>
[2016/6/25 - 16:35:18] << Penter Phat da dat mot hop dong Penter Kiet gia $200000 , Chi tiet: Ghet nhu cho >>
[2016/6/25 - 16:38:06] << Vi Giao Su da dat mot hop dong Crazy Frog.Axel gia $100000 , Chi tiet: Giet no de >>
[2016/6/25 - 16:38:20] << Mr Tee da dat mot hop dong Frank Another gia $100000 , Chi tiet: dat bom no >>
[2016/6/25 - 16:44:58] << Duy Phuong da dat mot hop dong Hoang Thien gia $50000 , Chi tiet: giet no ngay va` bi' mat >>
[2016/6/25 - 16:45:03] << Dracule Mihawk. da dat mot hop dong Vi Giao Su gia $100000 , Chi tiet: . >>
[2016/6/25 - 16:46:09] << Vinh Rau da dat mot hop dong Louisa Bridget gia $500000 , Chi tiet: cc >>
[2016/6/25 - 16:46:29] << Roman Xlay da dat mot hop dong Vinh Rau gia $100000 , Chi tiet: Bo Lao >>
[2016/6/25 - 16:48:53] << Louisa Bridget da dat mot hop dong DuongGiaThuan  gia $200000 , Chi tiet: Con chó cút di nhé >>
[2016/6/25 - 17:36:05] << Richard Hugh da dat mot hop dong Doremon Nobita gia $100000 , Chi tiet: thang loz take lung tung >>
[2016/6/25 - 18:33:51] << Jackson Trum da dat mot hop dong Kelvin Phuoc gia $200000 , Chi tiet: Giet >>
[2016/6/25 - 18:35:29] << Dracule Mihawk. da dat mot hop dong Vi Giao Su gia $100000 , Chi tiet: Me. mày hop. >>
[2016/6/25 - 18:56:49] << Crazy Frog.Axel da dat mot hop dong Vi Giao Su gia $500003 , Chi tiet: Ghet >>
[2016/6/26 - 9:35:00] << Frank Another da dat mot hop dong Mr Tee gia $500000 , Chi tiet: giet no >>
[2016/6/26 - 14:03:31] << Ku Kin da dat mot hop dong Zero Smile gia $1000000 , Chi tiet: ghet >>
[2016/6/26 - 14:04:43] << LucKy Girl da dat mot hop dong Ho Ly gia $1000000 , Chi tiet: giet de >>
[2016/6/26 - 15:50:41] << Ku Kin da dat mot hop dong Typhoon Blade gia $120000 , Chi tiet: ghet >>
[2016/6/26 - 19:10:25] << Typhoon Blade da dat mot hop dong Conor Terry gia $100000 , Chi tiet: giet >>
[2016/6/26 - 19:10:47] << Vi Giao Su da dat mot hop dong Hanry Dat gia $500000 , Chi tiet: tien no' qua the gioi ben kia >>
[2016/6/26 - 19:11:48] << Vi Giao Su da dat mot hop dong NguyenThi MyYen gia $500000 , Chi tiet: tien no' qua the gioi ben kia >>
[2016/6/26 - 19:12:56] << Vi Giao Su da dat mot hop dong Thai Nguyen gia $220000 , Chi tiet: tien no qua the gioi ben kia >>
[2016/6/26 - 19:15:00] << Vi Giao Su da dat mot hop dong Hiei Tokage gia $200000 , Chi tiet: giet no' >>
[2016/6/26 - 21:54:42] << Jackson Trum da dat mot hop dong TNT OngTrumQuang gia $500000 , Chi tiet: Giet >>
[2016/6/26 - 21:58:07] << TNT OngTrumQuang da dat mot hop dong Jackson Trum gia $50000 , Chi tiet: phan boi >>
[2016/6/26 - 21:59:15] << Jackson Trum da dat mot hop dong TNT OngTrumQuang gia $1000000 , Chi tiet: Giet tao ne >>
[2016/6/27 - 9:29:16] << Vi Giao Su da dat mot hop dong NguyenVan An gia $500000 , Chi tiet: giet >>
[2016/6/27 - 9:29:25] << Vi Giao Su da dat mot hop dong Pham Duy Hung gia $500000 , Chi tiet: giet >>
[2016/6/27 - 9:29:28] << NguyenVan An da dat mot hop dong Zero Smile gia $250000 , Chi tiet: ghet no >>
[2016/6/27 - 13:56:49] << Vi Giao Su da dat mot hop dong Hiei Tokage gia $500000 , Chi tiet: giet >>
[2016/6/27 - 18:33:39] << TNT Gta da dat mot hop dong BlackVip KingVip gia $200000 , Chi tiet: giet >>
[2016/6/27 - 18:50:03] << Nicholas.R BoSS da dat mot hop dong Kelvin Phuoc gia $100000 , Chi tiet: . >>
[2016/6/27 - 19:24:09] << Nguyen.Anh Tu da dat mot hop dong Zero Smile gia $200000 , Chi tiet: Giet Tao ghet roi >>
[2016/6/27 - 19:46:43] << penter an da dat mot hop dong Hoang Thien gia $100000 , Chi tiet: . >>
[2016/6/27 - 19:53:42] << One Ben da dat mot hop dong TVG Dat gia $50000 , Chi tiet: lao bo` >>
[2016/6/27 - 20:02:40] << One Ben da dat mot hop dong Terry  gia $100000 , Chi tiet: choi ad >>
[2016/6/27 - 20:08:28] << Nguyen.Anh Tu da dat mot hop dong Nicholas.R Oggy gia $500000 , Chi tiet: Giet >>
[2016/6/28 - 9:59:28] << Mr Tee da dat mot hop dong Frank Another gia $100000 , Chi tiet: giet no >>
[2016/6/28 - 10:00:10] << Damian Wayne da dat mot hop dong Mon YD gia $83275 , Chi tiet: pha boombox nguoi khac >>
[2016/6/28 - 10:58:14] << Nicholas.R Oggy da dat mot hop dong Hau Bejamin gia $100000 , Chi tiet: BO em hut rat nhiu thuoc >>
[2016/6/28 - 12:36:53] << Vinh Rau da dat mot hop dong Minh Quang gia $500000 , Chi tiet: c >>
[2016/6/28 - 12:47:54] << Vinh Rau da dat mot hop dong TVG Dat gia $500000 , Chi tiet: c >>
[2016/6/28 - 12:56:41] << Vinh Rau da dat mot hop dong Rose Loma gia $500000 , Chi tiet: c >>
[2016/6/28 - 15:44:17] << Pe My da dat mot hop dong Vinh Rau gia $100000 , Chi tiet: Giet >>
[2016/6/28 - 20:23:02] << Arma Smith da dat mot hop dong Richard Hugh gia $1000000 , Chi tiet: giet tao >>
[2016/6/28 - 20:23:17] << Arma Smith da dat mot hop dong Becky Vinsmoke gia $1000000 , Chi tiet: giet tao >>
[2016/6/28 - 20:23:29] << Arma Smith da dat mot hop dong Nguyen Alex gia $1000000 , Chi tiet: giet tao >>
[2016/6/28 - 20:23:33] << Arma Smith da dat mot hop dong Thomas Alexander gia $1000000 , Chi tiet: giet tao >>
[2016/6/28 - 20:23:39] << Arma Smith da dat mot hop dong John Sky gia $1000000 , Chi tiet: giet tao >>
[2016/6/28 - 20:23:42] << Arma Smith da dat mot hop dong Jon Fall gia $1000000 , Chi tiet: giet tao >>
[2016/6/28 - 20:23:45] << Arma Smith da dat mot hop dong Over Lord gia $1000000 , Chi tiet: giet tao >>
[2016/6/28 - 20:24:18] << Arma Smith da dat mot hop dong MaJon Tan gia $1000000 , Chi tiet: giet tao >>
[2016/6/28 - 20:25:05] << Arma Smith da dat mot hop dong Joker Ly gia $1000000 , Chi tiet: giet tao >>
[2016/6/28 - 20:25:28] << Arma Smith da dat mot hop dong TVG Dat gia $1000000 , Chi tiet: giet tao >>
[2016/6/29 - 11:14:30] << Le Duc Tien da dat mot hop dong Penter Kiet gia $100000 , Chi tiet: Giet >>
[2016/6/29 - 17:01:11] << Nguyen Alex da dat mot hop dong Chiem Quoc Bao gia $50000 , Chi tiet: giet no >>
[2016/6/29 - 19:37:52] << Black Agency da dat mot hop dong Vi Giao Su gia $100000 , Chi tiet: kill bang c4 >>
[2016/6/29 - 19:56:59] << Black Agency da dat mot hop dong Thanh Hung gia $100000 , Chi tiet: kill bang sdpistol >>
[2016/6/29 - 20:08:07] << Graviss Sang da dat mot hop dong Vi Giao Su gia $100000 , Chi tiet: giet >>
[2016/6/29 - 20:18:55] << Ong Can da dat mot hop dong Rays Show gia $50000 , Chi tiet: ngao >>
[2016/6/29 - 20:20:29] << Vi Giao Su da dat mot hop dong Crazy Frog.Axel gia $500000 , Chi tiet: giet no cai >>
